{"C:\\Users\\Art Elshani\\Documents\\GitHub\\revvue-coding-challenge\\src\\components\\FilterControls.tsx": {"path":"C:\\Users\\Art Elshani\\Documents\\GitHub\\revvue-coding-challenge\\src\\components\\FilterControls.tsx","all":false,"statementMap":{"5":{"start":{"line":6,"column":0},"end":{"line":6,"column":33}},"6":{"start":{"line":7,"column":0},"end":{"line":7,"column":68}},"20":{"start":{"line":21,"column":0},"end":{"line":21,"column":32}},"21":{"start":{"line":22,"column":0},"end":{"line":22,"column":17}},"22":{"start":{"line":23,"column":0},"end":{"line":23,"column":19}},"23":{"start":{"line":24,"column":0},"end":{"line":24,"column":20}},"24":{"start":{"line":25,"column":0},"end":{"line":25,"column":28}},"25":{"start":{"line":26,"column":0},"end":{"line":26,"column":55}},"26":{"start":{"line":27,"column":0},"end":{"line":27,"column":20}},"27":{"start":{"line":28,"column":0},"end":{"line":28,"column":20}},"28":{"start":{"line":29,"column":0},"end":{"line":29,"column":16}},"29":{"start":{"line":30,"column":0},"end":{"line":30,"column":5}},"30":{"start":{"line":31,"column":0},"end":{"line":31,"column":56}},"32":{"start":{"line":33,"column":0},"end":{"line":33,"column":74}},"33":{"start":{"line":34,"column":0},"end":{"line":34,"column":70}},"34":{"start":{"line":35,"column":0},"end":{"line":35,"column":27}},"35":{"start":{"line":36,"column":0},"end":{"line":36,"column":31}},"36":{"start":{"line":37,"column":0},"end":{"line":37,"column":4}},"38":{"start":{"line":39,"column":0},"end":{"line":39,"column":50}},"39":{"start":{"line":40,"column":0},"end":{"line":40,"column":55}},"40":{"start":{"line":41,"column":0},"end":{"line":41,"column":51}},"41":{"start":{"line":42,"column":0},"end":{"line":42,"column":37}},"43":{"start":{"line":44,"column":0},"end":{"line":44,"column":59}},"44":{"start":{"line":45,"column":0},"end":{"line":45,"column":27}},"45":{"start":{"line":46,"column":0},"end":{"line":46,"column":31}},"46":{"start":{"line":47,"column":0},"end":{"line":47,"column":4}},"48":{"start":{"line":49,"column":0},"end":{"line":49,"column":36}},"49":{"start":{"line":50,"column":0},"end":{"line":50,"column":77}},"50":{"start":{"line":51,"column":0},"end":{"line":51,"column":31}},"51":{"start":{"line":52,"column":0},"end":{"line":52,"column":35}},"52":{"start":{"line":53,"column":0},"end":{"line":53,"column":4}},"54":{"start":{"line":55,"column":0},"end":{"line":55,"column":26}},"55":{"start":{"line":56,"column":0},"end":{"line":56,"column":73}},"57":{"start":{"line":58,"column":0},"end":{"line":58,"column":10}},"58":{"start":{"line":59,"column":0},"end":{"line":59,"column":32}},"60":{"start":{"line":61,"column":0},"end":{"line":61,"column":46}},"61":{"start":{"line":62,"column":0},"end":{"line":62,"column":15}},"62":{"start":{"line":63,"column":0},"end":{"line":63,"column":54}},"63":{"start":{"line":64,"column":0},"end":{"line":64,"column":18}},"64":{"start":{"line":65,"column":0},"end":{"line":65,"column":33}},"65":{"start":{"line":66,"column":0},"end":{"line":66,"column":40}},"66":{"start":{"line":67,"column":0},"end":{"line":67,"column":95}},"67":{"start":{"line":68,"column":0},"end":{"line":68,"column":45}},"68":{"start":{"line":69,"column":0},"end":{"line":69,"column":60}},"69":{"start":{"line":70,"column":0},"end":{"line":70,"column":12}},"70":{"start":{"line":71,"column":0},"end":{"line":71,"column":30}},"72":{"start":{"line":73,"column":0},"end":{"line":73,"column":30}},"73":{"start":{"line":74,"column":0},"end":{"line":74,"column":30}},"74":{"start":{"line":75,"column":0},"end":{"line":75,"column":32}},"75":{"start":{"line":76,"column":0},"end":{"line":76,"column":37}},"76":{"start":{"line":77,"column":0},"end":{"line":77,"column":65}},"77":{"start":{"line":78,"column":0},"end":{"line":78,"column":39}},"78":{"start":{"line":79,"column":0},"end":{"line":79,"column":19}},"80":{"start":{"line":81,"column":0},"end":{"line":81,"column":22}},"81":{"start":{"line":82,"column":0},"end":{"line":82,"column":21}},"82":{"start":{"line":83,"column":0},"end":{"line":83,"column":20}},"83":{"start":{"line":84,"column":0},"end":{"line":84,"column":73}},"84":{"start":{"line":85,"column":0},"end":{"line":85,"column":48}},"85":{"start":{"line":86,"column":0},"end":{"line":86,"column":14}},"86":{"start":{"line":87,"column":0},"end":{"line":87,"column":12}},"87":{"start":{"line":88,"column":0},"end":{"line":88,"column":17}},"89":{"start":{"line":90,"column":0},"end":{"line":90,"column":30}},"90":{"start":{"line":91,"column":0},"end":{"line":91,"column":17}},"91":{"start":{"line":92,"column":0},"end":{"line":92,"column":40}},"92":{"start":{"line":93,"column":0},"end":{"line":93,"column":37}},"93":{"start":{"line":94,"column":0},"end":{"line":94,"column":32}},"95":{"start":{"line":96,"column":0},"end":{"line":96,"column":35}},"97":{"start":{"line":98,"column":0},"end":{"line":98,"column":19}},"99":{"start":{"line":100,"column":0},"end":{"line":100,"column":12}},"102":{"start":{"line":103,"column":0},"end":{"line":103,"column":23}},"103":{"start":{"line":104,"column":0},"end":{"line":104,"column":38}},"105":{"start":{"line":106,"column":0},"end":{"line":106,"column":42}},"106":{"start":{"line":107,"column":0},"end":{"line":107,"column":52}},"107":{"start":{"line":108,"column":0},"end":{"line":108,"column":43}},"108":{"start":{"line":109,"column":0},"end":{"line":109,"column":48}},"109":{"start":{"line":110,"column":0},"end":{"line":110,"column":23}},"110":{"start":{"line":111,"column":0},"end":{"line":111,"column":30}},"111":{"start":{"line":112,"column":0},"end":{"line":112,"column":63}},"112":{"start":{"line":113,"column":0},"end":{"line":113,"column":26}},"113":{"start":{"line":114,"column":0},"end":{"line":114,"column":41}},"114":{"start":{"line":115,"column":0},"end":{"line":115,"column":31}},"115":{"start":{"line":116,"column":0},"end":{"line":116,"column":50}},"116":{"start":{"line":117,"column":0},"end":{"line":117,"column":105}},"117":{"start":{"line":118,"column":0},"end":{"line":118,"column":55}},"118":{"start":{"line":119,"column":0},"end":{"line":119,"column":80}},"119":{"start":{"line":120,"column":0},"end":{"line":120,"column":20}},"120":{"start":{"line":121,"column":0},"end":{"line":121,"column":38}},"122":{"start":{"line":123,"column":0},"end":{"line":123,"column":36}},"123":{"start":{"line":124,"column":0},"end":{"line":124,"column":46}},"124":{"start":{"line":125,"column":0},"end":{"line":125,"column":25}},"125":{"start":{"line":126,"column":0},"end":{"line":126,"column":17}},"126":{"start":{"line":127,"column":0},"end":{"line":127,"column":18}},"127":{"start":{"line":128,"column":0},"end":{"line":128,"column":16}},"130":{"start":{"line":131,"column":0},"end":{"line":131,"column":42}},"131":{"start":{"line":132,"column":0},"end":{"line":132,"column":53}},"132":{"start":{"line":133,"column":0},"end":{"line":133,"column":43}},"133":{"start":{"line":134,"column":0},"end":{"line":134,"column":49}},"134":{"start":{"line":135,"column":0},"end":{"line":135,"column":23}},"135":{"start":{"line":136,"column":0},"end":{"line":136,"column":30}},"136":{"start":{"line":137,"column":0},"end":{"line":137,"column":60}},"137":{"start":{"line":138,"column":0},"end":{"line":138,"column":26}},"138":{"start":{"line":139,"column":0},"end":{"line":139,"column":41}},"139":{"start":{"line":140,"column":0},"end":{"line":140,"column":64}},"140":{"start":{"line":141,"column":0},"end":{"line":141,"column":103}},"141":{"start":{"line":142,"column":0},"end":{"line":142,"column":53}},"142":{"start":{"line":143,"column":0},"end":{"line":143,"column":59}},"143":{"start":{"line":144,"column":0},"end":{"line":144,"column":33}},"144":{"start":{"line":145,"column":0},"end":{"line":145,"column":34}},"145":{"start":{"line":146,"column":0},"end":{"line":146,"column":20}},"146":{"start":{"line":147,"column":0},"end":{"line":147,"column":38}},"148":{"start":{"line":149,"column":0},"end":{"line":149,"column":26}},"149":{"start":{"line":150,"column":0},"end":{"line":150,"column":25}},"150":{"start":{"line":151,"column":0},"end":{"line":151,"column":17}},"151":{"start":{"line":152,"column":0},"end":{"line":152,"column":18}},"152":{"start":{"line":153,"column":0},"end":{"line":153,"column":16}},"153":{"start":{"line":154,"column":0},"end":{"line":154,"column":14}},"155":{"start":{"line":156,"column":0},"end":{"line":156,"column":10}},"157":{"start":{"line":158,"column":0},"end":{"line":158,"column":2}},"160":{"start":{"line":161,"column":0},"end":{"line":161,"column":45}},"161":{"start":{"line":162,"column":0},"end":{"line":162,"column":20}},"162":{"start":{"line":163,"column":0},"end":{"line":163,"column":24}},"163":{"start":{"line":164,"column":0},"end":{"line":164,"column":20}},"164":{"start":{"line":165,"column":0},"end":{"line":165,"column":2}},"166":{"start":{"line":167,"column":0},"end":{"line":167,"column":57}},"167":{"start":{"line":168,"column":0},"end":{"line":168,"column":18}},"168":{"start":{"line":169,"column":0},"end":{"line":169,"column":27}},"169":{"start":{"line":170,"column":0},"end":{"line":170,"column":23}},"170":{"start":{"line":171,"column":0},"end":{"line":171,"column":14}},"171":{"start":{"line":172,"column":0},"end":{"line":172,"column":23}},"172":{"start":{"line":173,"column":0},"end":{"line":173,"column":2}},"174":{"start":{"line":175,"column":0},"end":{"line":175,"column":48}},"175":{"start":{"line":176,"column":0},"end":{"line":176,"column":18}},"176":{"start":{"line":177,"column":0},"end":{"line":177,"column":23}},"177":{"start":{"line":178,"column":0},"end":{"line":178,"column":16}},"178":{"start":{"line":179,"column":0},"end":{"line":179,"column":28}},"179":{"start":{"line":180,"column":0},"end":{"line":180,"column":24}},"180":{"start":{"line":181,"column":0},"end":{"line":181,"column":46}},"181":{"start":{"line":182,"column":0},"end":{"line":182,"column":23}},"182":{"start":{"line":183,"column":0},"end":{"line":183,"column":20}},"183":{"start":{"line":184,"column":0},"end":{"line":184,"column":23}},"184":{"start":{"line":185,"column":0},"end":{"line":185,"column":20}},"185":{"start":{"line":186,"column":0},"end":{"line":186,"column":19}},"186":{"start":{"line":187,"column":0},"end":{"line":187,"column":54}},"187":{"start":{"line":188,"column":0},"end":{"line":188,"column":51}},"189":{"start":{"line":190,"column":0},"end":{"line":190,"column":13}},"190":{"start":{"line":191,"column":0},"end":{"line":191,"column":48}},"191":{"start":{"line":192,"column":0},"end":{"line":192,"column":34}},"192":{"start":{"line":193,"column":0},"end":{"line":193,"column":53}},"193":{"start":{"line":194,"column":0},"end":{"line":194,"column":11}},"194":{"start":{"line":195,"column":0},"end":{"line":195,"column":2}},"196":{"start":{"line":197,"column":0},"end":{"line":197,"column":41}},"197":{"start":{"line":198,"column":0},"end":{"line":198,"column":41}},"198":{"start":{"line":199,"column":0},"end":{"line":199,"column":23}},"199":{"start":{"line":200,"column":0},"end":{"line":200,"column":31}},"200":{"start":{"line":201,"column":0},"end":{"line":201,"column":22}},"201":{"start":{"line":202,"column":0},"end":{"line":202,"column":20}},"202":{"start":{"line":203,"column":0},"end":{"line":203,"column":2}},"204":{"start":{"line":205,"column":0},"end":{"line":205,"column":48}},"205":{"start":{"line":206,"column":0},"end":{"line":206,"column":18}},"206":{"start":{"line":207,"column":0},"end":{"line":207,"column":23}},"207":{"start":{"line":208,"column":0},"end":{"line":208,"column":17}},"208":{"start":{"line":209,"column":0},"end":{"line":209,"column":25}},"209":{"start":{"line":210,"column":0},"end":{"line":210,"column":39}},"210":{"start":{"line":211,"column":0},"end":{"line":211,"column":45}},"211":{"start":{"line":212,"column":0},"end":{"line":212,"column":22}},"212":{"start":{"line":213,"column":0},"end":{"line":213,"column":20}},"213":{"start":{"line":214,"column":0},"end":{"line":214,"column":22}},"214":{"start":{"line":215,"column":0},"end":{"line":215,"column":20}},"215":{"start":{"line":216,"column":0},"end":{"line":216,"column":19}},"216":{"start":{"line":217,"column":0},"end":{"line":217,"column":30}},"218":{"start":{"line":219,"column":0},"end":{"line":219,"column":13}},"219":{"start":{"line":220,"column":0},"end":{"line":220,"column":42}},"220":{"start":{"line":221,"column":0},"end":{"line":221,"column":11}},"221":{"start":{"line":222,"column":0},"end":{"line":222,"column":2}},"224":{"start":{"line":225,"column":0},"end":{"line":225,"column":47}},"225":{"start":{"line":226,"column":0},"end":{"line":226,"column":24}},"226":{"start":{"line":227,"column":0},"end":{"line":227,"column":31}},"227":{"start":{"line":228,"column":0},"end":{"line":228,"column":37}},"228":{"start":{"line":229,"column":0},"end":{"line":229,"column":47}},"229":{"start":{"line":230,"column":0},"end":{"line":230,"column":23}},"230":{"start":{"line":231,"column":0},"end":{"line":231,"column":20}},"231":{"start":{"line":232,"column":0},"end":{"line":232,"column":51}},"232":{"start":{"line":233,"column":0},"end":{"line":233,"column":39}},"233":{"start":{"line":234,"column":0},"end":{"line":234,"column":2}},"235":{"start":{"line":236,"column":0},"end":{"line":236,"column":49}},"236":{"start":{"line":237,"column":0},"end":{"line":237,"column":25}},"237":{"start":{"line":238,"column":0},"end":{"line":238,"column":2}},"239":{"start":{"line":240,"column":0},"end":{"line":240,"column":47}},"240":{"start":{"line":241,"column":0},"end":{"line":241,"column":23}},"241":{"start":{"line":242,"column":0},"end":{"line":242,"column":20}},"242":{"start":{"line":243,"column":0},"end":{"line":243,"column":19}},"243":{"start":{"line":244,"column":0},"end":{"line":244,"column":26}},"244":{"start":{"line":245,"column":0},"end":{"line":245,"column":29}},"245":{"start":{"line":246,"column":0},"end":{"line":246,"column":25}},"246":{"start":{"line":247,"column":0},"end":{"line":247,"column":2}},"248":{"start":{"line":249,"column":0},"end":{"line":249,"column":48}},"249":{"start":{"line":250,"column":0},"end":{"line":250,"column":18}},"250":{"start":{"line":251,"column":0},"end":{"line":251,"column":16}},"251":{"start":{"line":252,"column":0},"end":{"line":252,"column":19}},"252":{"start":{"line":253,"column":0},"end":{"line":253,"column":2}},"254":{"start":{"line":255,"column":0},"end":{"line":255,"column":48}},"255":{"start":{"line":256,"column":0},"end":{"line":256,"column":18}},"256":{"start":{"line":257,"column":0},"end":{"line":257,"column":23}},"257":{"start":{"line":258,"column":0},"end":{"line":258,"column":17}},"258":{"start":{"line":259,"column":0},"end":{"line":259,"column":28}},"259":{"start":{"line":260,"column":0},"end":{"line":260,"column":24}},"260":{"start":{"line":261,"column":0},"end":{"line":261,"column":46}},"261":{"start":{"line":262,"column":0},"end":{"line":262,"column":22}},"262":{"start":{"line":263,"column":0},"end":{"line":263,"column":20}},"263":{"start":{"line":264,"column":0},"end":{"line":264,"column":22}},"264":{"start":{"line":265,"column":0},"end":{"line":265,"column":20}},"265":{"start":{"line":266,"column":0},"end":{"line":266,"column":19}},"266":{"start":{"line":267,"column":0},"end":{"line":267,"column":30}},"267":{"start":{"line":268,"column":0},"end":{"line":268,"column":50}},"269":{"start":{"line":270,"column":0},"end":{"line":270,"column":13}},"270":{"start":{"line":271,"column":0},"end":{"line":271,"column":48}},"271":{"start":{"line":272,"column":0},"end":{"line":272,"column":52}},"272":{"start":{"line":273,"column":0},"end":{"line":273,"column":34}},"273":{"start":{"line":274,"column":0},"end":{"line":274,"column":11}},"274":{"start":{"line":275,"column":0},"end":{"line":275,"column":2}},"276":{"start":{"line":277,"column":0},"end":{"line":277,"column":48}},"277":{"start":{"line":278,"column":0},"end":{"line":278,"column":18}},"278":{"start":{"line":279,"column":0},"end":{"line":279,"column":16}},"279":{"start":{"line":280,"column":0},"end":{"line":280,"column":19}},"280":{"start":{"line":281,"column":0},"end":{"line":281,"column":2}},"282":{"start":{"line":283,"column":0},"end":{"line":283,"column":48}},"283":{"start":{"line":284,"column":0},"end":{"line":284,"column":25}},"284":{"start":{"line":285,"column":0},"end":{"line":285,"column":24}},"285":{"start":{"line":286,"column":0},"end":{"line":286,"column":46}},"286":{"start":{"line":287,"column":0},"end":{"line":287,"column":22}},"287":{"start":{"line":288,"column":0},"end":{"line":288,"column":20}},"288":{"start":{"line":289,"column":0},"end":{"line":289,"column":22}},"289":{"start":{"line":290,"column":0},"end":{"line":290,"column":20}},"290":{"start":{"line":291,"column":0},"end":{"line":291,"column":19}},"291":{"start":{"line":292,"column":0},"end":{"line":292,"column":30}},"292":{"start":{"line":293,"column":0},"end":{"line":293,"column":50}},"294":{"start":{"line":295,"column":0},"end":{"line":295,"column":13}},"295":{"start":{"line":296,"column":0},"end":{"line":296,"column":48}},"296":{"start":{"line":297,"column":0},"end":{"line":297,"column":52}},"297":{"start":{"line":298,"column":0},"end":{"line":298,"column":34}},"298":{"start":{"line":299,"column":0},"end":{"line":299,"column":11}},"299":{"start":{"line":300,"column":0},"end":{"line":300,"column":2}}},"s":{"5":1,"6":1,"20":1,"21":27,"22":27,"23":27,"24":27,"25":27,"26":27,"27":27,"28":27,"29":27,"30":27,"32":27,"33":3,"34":3,"35":3,"36":3,"38":27,"39":2,"40":0,"41":2,"43":2,"44":2,"45":2,"46":2,"48":27,"49":1,"50":1,"51":1,"52":1,"54":27,"55":27,"57":27,"58":27,"60":27,"61":27,"62":27,"63":27,"64":27,"65":27,"66":5,"67":22,"68":27,"69":27,"70":27,"72":27,"73":27,"74":27,"75":5,"76":5,"77":5,"78":5,"80":27,"81":27,"82":27,"83":27,"84":27,"85":27,"86":27,"87":27,"89":27,"90":5,"91":5,"92":5,"93":5,"95":5,"97":5,"99":27,"102":27,"103":11,"105":11,"106":11,"107":11,"108":11,"109":55,"110":55,"111":55,"112":55,"113":55,"114":55,"115":55,"116":4,"117":51,"118":55,"119":55,"120":55,"122":55,"123":55,"124":55,"125":11,"126":11,"127":11,"130":11,"131":11,"132":11,"133":11,"134":33,"135":33,"136":33,"137":33,"138":33,"139":33,"140":2,"141":31,"142":33,"143":2,"144":31,"145":33,"146":33,"148":33,"149":33,"150":11,"151":11,"152":11,"153":11,"155":27,"157":27,"160":1,"161":1,"162":1,"163":1,"164":1,"166":1,"167":1,"168":1,"169":1,"170":1,"171":1,"172":1,"174":1,"175":1,"176":1,"177":1,"178":1,"179":1,"180":1,"181":1,"182":1,"183":1,"184":1,"185":1,"186":1,"187":1,"189":1,"190":1,"191":1,"192":1,"193":1,"194":1,"196":1,"197":1,"198":1,"199":1,"200":1,"201":1,"202":1,"204":1,"205":1,"206":1,"207":1,"208":1,"209":1,"210":1,"211":1,"212":1,"213":1,"214":1,"215":1,"216":1,"218":1,"219":1,"220":1,"221":1,"224":1,"225":1,"226":1,"227":1,"228":1,"229":1,"230":1,"231":1,"232":1,"233":1,"235":1,"236":1,"237":1,"239":1,"240":1,"241":1,"242":1,"243":1,"244":1,"245":1,"246":1,"248":1,"249":1,"250":1,"251":1,"252":1,"254":1,"255":1,"256":1,"257":1,"258":1,"259":1,"260":1,"261":1,"262":1,"263":1,"264":1,"265":1,"266":1,"267":1,"269":1,"270":1,"271":1,"272":1,"273":1,"274":1,"276":1,"277":1,"278":1,"279":1,"280":1,"282":1,"283":1,"284":1,"285":1,"286":1,"287":1,"288":1,"289":1,"290":1,"291":1,"292":1,"294":1,"295":1,"296":1,"297":1,"298":1,"299":1},"branchMap":{"0":{"type":"branch","line":21,"loc":{"start":{"line":21,"column":30},"end":{"line":158,"column":2}},"locations":[{"start":{"line":21,"column":30},"end":{"line":158,"column":2}}]},"1":{"type":"branch","line":56,"loc":{"start":{"line":56,"column":12},"end":{"line":56,"column":46}},"locations":[{"start":{"line":56,"column":12},"end":{"line":56,"column":46}}]},"2":{"type":"branch","line":56,"loc":{"start":{"line":56,"column":33},"end":{"line":56,"column":73}},"locations":[{"start":{"line":56,"column":33},"end":{"line":56,"column":73}}]},"3":{"type":"branch","line":66,"loc":{"start":{"line":66,"column":24},"end":{"line":67,"column":95}},"locations":[{"start":{"line":66,"column":24},"end":{"line":67,"column":95}}]},"4":{"type":"branch","line":67,"loc":{"start":{"line":67,"column":16},"end":{"line":68,"column":45}},"locations":[{"start":{"line":67,"column":16},"end":{"line":68,"column":45}}]},"5":{"type":"branch","line":69,"loc":{"start":{"line":69,"column":19},"end":{"line":69,"column":50}},"locations":[{"start":{"line":69,"column":19},"end":{"line":69,"column":50}}]},"6":{"type":"branch","line":69,"loc":{"start":{"line":69,"column":38},"end":{"line":69,"column":60}},"locations":[{"start":{"line":69,"column":38},"end":{"line":69,"column":60}}]},"7":{"type":"branch","line":75,"loc":{"start":{"line":75,"column":11},"end":{"line":79,"column":19}},"locations":[{"start":{"line":75,"column":11},"end":{"line":79,"column":19}}]},"8":{"type":"branch","line":77,"loc":{"start":{"line":77,"column":24},"end":{"line":77,"column":57}},"locations":[{"start":{"line":77,"column":24},"end":{"line":77,"column":57}}]},"9":{"type":"branch","line":77,"loc":{"start":{"line":77,"column":45},"end":{"line":77,"column":61}},"locations":[{"start":{"line":77,"column":45},"end":{"line":77,"column":61}}]},"10":{"type":"branch","line":77,"loc":{"start":{"line":77,"column":57},"end":{"line":77,"column":65}},"locations":[{"start":{"line":77,"column":57},"end":{"line":77,"column":65}}]},"11":{"type":"branch","line":84,"loc":{"start":{"line":84,"column":25},"end":{"line":84,"column":58}},"locations":[{"start":{"line":84,"column":25},"end":{"line":84,"column":58}}]},"12":{"type":"branch","line":84,"loc":{"start":{"line":84,"column":39},"end":{"line":84,"column":73}},"locations":[{"start":{"line":84,"column":39},"end":{"line":84,"column":73}}]},"13":{"type":"branch","line":90,"loc":{"start":{"line":90,"column":9},"end":{"line":98,"column":19}},"locations":[{"start":{"line":90,"column":9},"end":{"line":98,"column":19}}]},"14":{"type":"branch","line":103,"loc":{"start":{"line":103,"column":7},"end":{"line":154,"column":14}},"locations":[{"start":{"line":103,"column":7},"end":{"line":154,"column":14}}]},"15":{"type":"branch","line":33,"loc":{"start":{"line":33,"column":29},"end":{"line":37,"column":4}},"locations":[{"start":{"line":33,"column":29},"end":{"line":37,"column":4}}]},"16":{"type":"branch","line":39,"loc":{"start":{"line":39,"column":29},"end":{"line":47,"column":4}},"locations":[{"start":{"line":39,"column":29},"end":{"line":47,"column":4}}]},"17":{"type":"branch","line":40,"loc":{"start":{"line":40,"column":54},"end":{"line":41,"column":51}},"locations":[{"start":{"line":40,"column":54},"end":{"line":41,"column":51}}]},"18":{"type":"branch","line":49,"loc":{"start":{"line":49,"column":29},"end":{"line":53,"column":4}},"locations":[{"start":{"line":49,"column":29},"end":{"line":53,"column":4}}]},"19":{"type":"branch","line":63,"loc":{"start":{"line":63,"column":19},"end":{"line":63,"column":54}},"locations":[{"start":{"line":63,"column":19},"end":{"line":63,"column":54}}]},"20":{"type":"branch","line":109,"loc":{"start":{"line":109,"column":35},"end":{"line":125,"column":25}},"locations":[{"start":{"line":109,"column":35},"end":{"line":125,"column":25}}]},"21":{"type":"branch","line":116,"loc":{"start":{"line":116,"column":44},"end":{"line":117,"column":105}},"locations":[{"start":{"line":116,"column":44},"end":{"line":117,"column":105}}]},"22":{"type":"branch","line":117,"loc":{"start":{"line":117,"column":26},"end":{"line":118,"column":55}},"locations":[{"start":{"line":117,"column":26},"end":{"line":118,"column":55}}]},"23":{"type":"branch","line":119,"loc":{"start":{"line":119,"column":49},"end":{"line":119,"column":70}},"locations":[{"start":{"line":119,"column":49},"end":{"line":119,"column":70}}]},"24":{"type":"branch","line":119,"loc":{"start":{"line":119,"column":58},"end":{"line":119,"column":80}},"locations":[{"start":{"line":119,"column":58},"end":{"line":119,"column":80}}]},"25":{"type":"branch","line":112,"loc":{"start":{"line":112,"column":27},"end":{"line":112,"column":63}},"locations":[{"start":{"line":112,"column":27},"end":{"line":112,"column":63}}]},"26":{"type":"branch","line":134,"loc":{"start":{"line":134,"column":36},"end":{"line":150,"column":25}},"locations":[{"start":{"line":134,"column":36},"end":{"line":150,"column":25}}]},"27":{"type":"branch","line":140,"loc":{"start":{"line":140,"column":63},"end":{"line":141,"column":103}},"locations":[{"start":{"line":140,"column":63},"end":{"line":141,"column":103}}]},"28":{"type":"branch","line":141,"loc":{"start":{"line":141,"column":24},"end":{"line":142,"column":53}},"locations":[{"start":{"line":141,"column":24},"end":{"line":142,"column":53}}]},"29":{"type":"branch","line":143,"loc":{"start":{"line":143,"column":58},"end":{"line":144,"column":33}},"locations":[{"start":{"line":143,"column":58},"end":{"line":144,"column":33}}]},"30":{"type":"branch","line":144,"loc":{"start":{"line":144,"column":24},"end":{"line":145,"column":34}},"locations":[{"start":{"line":144,"column":24},"end":{"line":145,"column":34}}]},"31":{"type":"branch","line":137,"loc":{"start":{"line":137,"column":27},"end":{"line":137,"column":60}},"locations":[{"start":{"line":137,"column":27},"end":{"line":137,"column":60}}]}},"b":{"0":[27],"1":[23],"2":[23],"3":[5],"4":[22],"5":[5],"6":[22],"7":[5],"8":[1],"9":[4],"10":[1],"11":[11],"12":[16],"13":[5],"14":[11],"15":[3],"16":[2],"17":[0],"18":[1],"19":[5],"20":[55],"21":[4],"22":[51],"23":[4],"24":[51],"25":[3],"26":[33],"27":[2],"28":[31],"29":[2],"30":[31],"31":[2]},"fnMap":{"0":{"name":"FilterControls","decl":{"start":{"line":21,"column":30},"end":{"line":158,"column":2}},"loc":{"start":{"line":21,"column":30},"end":{"line":158,"column":2}},"line":21},"1":{"name":"handleRatingFilter","decl":{"start":{"line":33,"column":29},"end":{"line":37,"column":4}},"loc":{"start":{"line":33,"column":29},"end":{"line":37,"column":4}},"line":33},"2":{"name":"handleSourceToggle","decl":{"start":{"line":39,"column":29},"end":{"line":47,"column":4}},"loc":{"start":{"line":39,"column":29},"end":{"line":47,"column":4}},"line":39},"3":{"name":"handleClearFilters","decl":{"start":{"line":49,"column":29},"end":{"line":53,"column":4}},"loc":{"start":{"line":49,"column":29},"end":{"line":53,"column":4}},"line":49},"4":{"name":"onClick","decl":{"start":{"line":63,"column":19},"end":{"line":63,"column":54}},"loc":{"start":{"line":63,"column":19},"end":{"line":63,"column":54}},"line":63},"5":{"name":"onClick","decl":{"start":{"line":112,"column":27},"end":{"line":112,"column":63}},"loc":{"start":{"line":112,"column":27},"end":{"line":112,"column":63}},"line":112},"6":{"name":"onClick","decl":{"start":{"line":137,"column":27},"end":{"line":137,"column":60}},"loc":{"start":{"line":137,"column":27},"end":{"line":137,"column":60}},"line":137}},"f":{"0":27,"1":3,"2":2,"3":1,"4":5,"5":3,"6":2}}
,"C:\\Users\\Art Elshani\\Documents\\GitHub\\revvue-coding-challenge\\src\\components\\LoadMoreButton.tsx": {"path":"C:\\Users\\Art Elshani\\Documents\\GitHub\\revvue-coding-challenge\\src\\components\\LoadMoreButton.tsx","all":false,"statementMap":{"5":{"start":{"line":6,"column":0},"end":{"line":6,"column":43}},"14":{"start":{"line":15,"column":0},"end":{"line":15,"column":32}},"15":{"start":{"line":16,"column":0},"end":{"line":16,"column":13}},"16":{"start":{"line":17,"column":0},"end":{"line":17,"column":18}},"17":{"start":{"line":18,"column":0},"end":{"line":18,"column":19}},"18":{"start":{"line":19,"column":0},"end":{"line":19,"column":17}},"19":{"start":{"line":20,"column":0},"end":{"line":20,"column":28}},"20":{"start":{"line":21,"column":0},"end":{"line":21,"column":17}},"21":{"start":{"line":22,"column":0},"end":{"line":22,"column":12}},"22":{"start":{"line":23,"column":0},"end":{"line":23,"column":44}},"23":{"start":{"line":24,"column":0},"end":{"line":24,"column":67}},"24":{"start":{"line":25,"column":0},"end":{"line":25,"column":12}},"26":{"start":{"line":27,"column":0},"end":{"line":27,"column":3}},"28":{"start":{"line":29,"column":0},"end":{"line":29,"column":10}},"29":{"start":{"line":30,"column":0},"end":{"line":30,"column":32}},"30":{"start":{"line":31,"column":0},"end":{"line":31,"column":13}},"31":{"start":{"line":32,"column":0},"end":{"line":32,"column":28}},"32":{"start":{"line":33,"column":0},"end":{"line":33,"column":38}},"33":{"start":{"line":34,"column":0},"end":{"line":34,"column":16}},"34":{"start":{"line":35,"column":0},"end":{"line":35,"column":25}},"35":{"start":{"line":36,"column":0},"end":{"line":36,"column":49}},"36":{"start":{"line":37,"column":0},"end":{"line":37,"column":66}},"37":{"start":{"line":38,"column":0},"end":{"line":38,"column":10}},"39":{"start":{"line":40,"column":0},"end":{"line":40,"column":20}},"40":{"start":{"line":41,"column":0},"end":{"line":41,"column":12}},"41":{"start":{"line":42,"column":0},"end":{"line":42,"column":50}},"43":{"start":{"line":44,"column":0},"end":{"line":44,"column":13}},"45":{"start":{"line":46,"column":0},"end":{"line":46,"column":12}},"46":{"start":{"line":47,"column":0},"end":{"line":47,"column":37}},"48":{"start":{"line":49,"column":0},"end":{"line":49,"column":13}},"50":{"start":{"line":51,"column":0},"end":{"line":51,"column":15}},"51":{"start":{"line":52,"column":0},"end":{"line":52,"column":10}},"53":{"start":{"line":54,"column":0},"end":{"line":54,"column":2}},"56":{"start":{"line":57,"column":0},"end":{"line":57,"column":45}},"57":{"start":{"line":58,"column":0},"end":{"line":58,"column":18}},"58":{"start":{"line":59,"column":0},"end":{"line":59,"column":27}},"59":{"start":{"line":60,"column":0},"end":{"line":60,"column":23}},"60":{"start":{"line":61,"column":0},"end":{"line":61,"column":2}},"62":{"start":{"line":63,"column":0},"end":{"line":63,"column":42}},"63":{"start":{"line":64,"column":0},"end":{"line":64,"column":18}},"64":{"start":{"line":65,"column":0},"end":{"line":65,"column":23}},"65":{"start":{"line":66,"column":0},"end":{"line":66,"column":16}},"66":{"start":{"line":67,"column":0},"end":{"line":67,"column":23}},"67":{"start":{"line":68,"column":0},"end":{"line":68,"column":42}},"68":{"start":{"line":69,"column":0},"end":{"line":69,"column":31}},"69":{"start":{"line":70,"column":0},"end":{"line":70,"column":37}},"70":{"start":{"line":71,"column":0},"end":{"line":71,"column":37}},"71":{"start":{"line":72,"column":0},"end":{"line":72,"column":47}},"72":{"start":{"line":73,"column":0},"end":{"line":73,"column":23}},"73":{"start":{"line":74,"column":0},"end":{"line":74,"column":23}},"74":{"start":{"line":75,"column":0},"end":{"line":75,"column":20}},"75":{"start":{"line":76,"column":0},"end":{"line":76,"column":20}},"76":{"start":{"line":77,"column":0},"end":{"line":77,"column":54}},"77":{"start":{"line":78,"column":0},"end":{"line":78,"column":50}},"79":{"start":{"line":80,"column":0},"end":{"line":80,"column":13}},"80":{"start":{"line":81,"column":0},"end":{"line":81,"column":43}},"81":{"start":{"line":82,"column":0},"end":{"line":82,"column":34}},"82":{"start":{"line":83,"column":0},"end":{"line":83,"column":52}},"83":{"start":{"line":84,"column":0},"end":{"line":84,"column":44}},"84":{"start":{"line":85,"column":0},"end":{"line":85,"column":11}},"86":{"start":{"line":87,"column":0},"end":{"line":87,"column":14}},"87":{"start":{"line":88,"column":0},"end":{"line":88,"column":34}},"88":{"start":{"line":89,"column":0},"end":{"line":89,"column":11}},"89":{"start":{"line":90,"column":0},"end":{"line":90,"column":2}},"91":{"start":{"line":92,"column":0},"end":{"line":92,"column":49}},"92":{"start":{"line":93,"column":0},"end":{"line":93,"column":16}},"93":{"start":{"line":94,"column":0},"end":{"line":94,"column":17}},"94":{"start":{"line":95,"column":0},"end":{"line":95,"column":47}},"95":{"start":{"line":96,"column":0},"end":{"line":96,"column":31}},"96":{"start":{"line":97,"column":0},"end":{"line":97,"column":22}},"97":{"start":{"line":98,"column":0},"end":{"line":98,"column":39}},"98":{"start":{"line":99,"column":0},"end":{"line":99,"column":2}},"100":{"start":{"line":101,"column":0},"end":{"line":101,"column":55}},"101":{"start":{"line":102,"column":0},"end":{"line":102,"column":18}},"102":{"start":{"line":103,"column":0},"end":{"line":103,"column":27}},"103":{"start":{"line":104,"column":0},"end":{"line":104,"column":23}},"104":{"start":{"line":105,"column":0},"end":{"line":105,"column":2}},"106":{"start":{"line":107,"column":0},"end":{"line":107,"column":46}},"107":{"start":{"line":108,"column":0},"end":{"line":108,"column":19}},"108":{"start":{"line":109,"column":0},"end":{"line":109,"column":23}},"109":{"start":{"line":110,"column":0},"end":{"line":110,"column":12}},"110":{"start":{"line":111,"column":0},"end":{"line":111,"column":22}},"111":{"start":{"line":112,"column":0},"end":{"line":112,"column":2}}},"s":{"5":1,"14":1,"15":3,"16":3,"17":3,"18":3,"19":3,"20":3,"21":0,"22":0,"23":0,"24":0,"26":0,"28":3,"29":3,"30":3,"31":3,"32":3,"33":3,"34":3,"35":3,"36":3,"37":3,"39":3,"40":0,"41":0,"43":0,"45":3,"46":3,"48":3,"50":3,"51":3,"53":3,"56":1,"57":1,"58":1,"59":1,"60":1,"62":1,"63":1,"64":1,"65":1,"66":1,"67":1,"68":1,"69":1,"70":1,"71":1,"72":1,"73":1,"74":1,"75":1,"76":1,"77":1,"79":1,"80":1,"81":1,"82":1,"83":1,"84":1,"86":1,"87":1,"88":1,"89":1,"91":1,"92":1,"93":1,"94":1,"95":1,"96":1,"97":1,"98":1,"100":1,"101":1,"102":1,"103":1,"104":1,"106":1,"107":1,"108":1,"109":1,"110":1,"111":1},"branchMap":{"0":{"type":"branch","line":15,"loc":{"start":{"line":15,"column":30},"end":{"line":54,"column":2}},"locations":[{"start":{"line":15,"column":30},"end":{"line":54,"column":2}}]},"1":{"type":"branch","line":21,"loc":{"start":{"line":21,"column":16},"end":{"line":27,"column":3}},"locations":[{"start":{"line":21,"column":16},"end":{"line":27,"column":3}}]},"2":{"type":"branch","line":36,"loc":{"start":{"line":36,"column":30},"end":{"line":36,"column":47}},"locations":[{"start":{"line":36,"column":30},"end":{"line":36,"column":47}}]},"3":{"type":"branch","line":37,"loc":{"start":{"line":37,"column":29},"end":{"line":37,"column":56}},"locations":[{"start":{"line":37,"column":29},"end":{"line":37,"column":56}}]},"4":{"type":"branch","line":40,"loc":{"start":{"line":40,"column":9},"end":{"line":44,"column":13}},"locations":[{"start":{"line":40,"column":9},"end":{"line":44,"column":13}}]}},"b":{"0":[3],"1":[0],"2":[0],"3":[0],"4":[0]},"fnMap":{"0":{"name":"LoadMoreButton","decl":{"start":{"line":15,"column":30},"end":{"line":54,"column":2}},"loc":{"start":{"line":15,"column":30},"end":{"line":54,"column":2}},"line":15}},"f":{"0":3}}
,"C:\\Users\\Art Elshani\\Documents\\GitHub\\revvue-coding-challenge\\src\\components\\ReviewCard.tsx": {"path":"C:\\Users\\Art Elshani\\Documents\\GitHub\\revvue-coding-challenge\\src\\components\\ReviewCard.tsx","all":false,"statementMap":{"5":{"start":{"line":6,"column":0},"end":{"line":6,"column":60}},"6":{"start":{"line":7,"column":0},"end":{"line":7,"column":49}},"7":{"start":{"line":8,"column":0},"end":{"line":8,"column":33}},"18":{"start":{"line":19,"column":0},"end":{"line":19,"column":28}},"19":{"start":{"line":20,"column":0},"end":{"line":20,"column":13}},"20":{"start":{"line":21,"column":0},"end":{"line":21,"column":9}},"21":{"start":{"line":22,"column":0},"end":{"line":22,"column":15}},"22":{"start":{"line":23,"column":0},"end":{"line":23,"column":13}},"23":{"start":{"line":24,"column":0},"end":{"line":24,"column":9}},"24":{"start":{"line":25,"column":0},"end":{"line":25,"column":24}},"25":{"start":{"line":26,"column":0},"end":{"line":26,"column":76}},"26":{"start":{"line":27,"column":0},"end":{"line":27,"column":76}},"28":{"start":{"line":29,"column":0},"end":{"line":29,"column":43}},"29":{"start":{"line":30,"column":0},"end":{"line":30,"column":48}},"30":{"start":{"line":31,"column":0},"end":{"line":31,"column":11}},"31":{"start":{"line":32,"column":0},"end":{"line":32,"column":15}},"32":{"start":{"line":33,"column":0},"end":{"line":33,"column":17}},"33":{"start":{"line":34,"column":0},"end":{"line":34,"column":16}},"34":{"start":{"line":35,"column":0},"end":{"line":35,"column":52}},"35":{"start":{"line":36,"column":0},"end":{"line":36,"column":55}},"36":{"start":{"line":37,"column":0},"end":{"line":37,"column":10}},"37":{"start":{"line":38,"column":0},"end":{"line":38,"column":8}},"38":{"start":{"line":39,"column":0},"end":{"line":39,"column":7}},"39":{"start":{"line":40,"column":0},"end":{"line":40,"column":4}},"41":{"start":{"line":42,"column":0},"end":{"line":42,"column":51}},"42":{"start":{"line":43,"column":0},"end":{"line":43,"column":31}},"43":{"start":{"line":44,"column":0},"end":{"line":44,"column":52}},"44":{"start":{"line":45,"column":0},"end":{"line":45,"column":4}},"46":{"start":{"line":47,"column":0},"end":{"line":47,"column":10}},"47":{"start":{"line":48,"column":0},"end":{"line":48,"column":27}},"49":{"start":{"line":50,"column":0},"end":{"line":50,"column":36}},"50":{"start":{"line":51,"column":0},"end":{"line":51,"column":42}},"52":{"start":{"line":53,"column":0},"end":{"line":53,"column":14}},"53":{"start":{"line":54,"column":0},"end":{"line":54,"column":20}},"54":{"start":{"line":55,"column":0},"end":{"line":55,"column":29}},"55":{"start":{"line":56,"column":0},"end":{"line":56,"column":70}},"56":{"start":{"line":57,"column":0},"end":{"line":57,"column":70}},"57":{"start":{"line":58,"column":0},"end":{"line":58,"column":14}},"58":{"start":{"line":59,"column":0},"end":{"line":59,"column":60}},"59":{"start":{"line":60,"column":0},"end":{"line":60,"column":56}},"60":{"start":{"line":61,"column":0},"end":{"line":61,"column":56}},"62":{"start":{"line":63,"column":0},"end":{"line":63,"column":59}},"63":{"start":{"line":64,"column":0},"end":{"line":64,"column":16}},"64":{"start":{"line":65,"column":0},"end":{"line":65,"column":15}},"65":{"start":{"line":66,"column":0},"end":{"line":66,"column":42}},"66":{"start":{"line":67,"column":0},"end":{"line":67,"column":52}},"67":{"start":{"line":68,"column":0},"end":{"line":68,"column":17}},"68":{"start":{"line":69,"column":0},"end":{"line":69,"column":46}},"69":{"start":{"line":70,"column":0},"end":{"line":70,"column":65}},"71":{"start":{"line":72,"column":0},"end":{"line":72,"column":19}},"72":{"start":{"line":73,"column":0},"end":{"line":73,"column":24}},"73":{"start":{"line":74,"column":0},"end":{"line":74,"column":37}},"74":{"start":{"line":75,"column":0},"end":{"line":75,"column":74}},"75":{"start":{"line":76,"column":0},"end":{"line":76,"column":74}},"76":{"start":{"line":77,"column":0},"end":{"line":77,"column":18}},"77":{"start":{"line":78,"column":0},"end":{"line":78,"column":64}},"78":{"start":{"line":79,"column":0},"end":{"line":79,"column":60}},"79":{"start":{"line":80,"column":0},"end":{"line":80,"column":60}},"81":{"start":{"line":82,"column":0},"end":{"line":82,"column":26}},"82":{"start":{"line":83,"column":0},"end":{"line":83,"column":21}},"83":{"start":{"line":84,"column":0},"end":{"line":84,"column":18}},"84":{"start":{"line":85,"column":0},"end":{"line":85,"column":16}},"85":{"start":{"line":86,"column":0},"end":{"line":86,"column":14}},"87":{"start":{"line":88,"column":0},"end":{"line":88,"column":35}},"88":{"start":{"line":89,"column":0},"end":{"line":89,"column":37}},"89":{"start":{"line":90,"column":0},"end":{"line":90,"column":52}},"90":{"start":{"line":91,"column":0},"end":{"line":91,"column":49}},"91":{"start":{"line":92,"column":0},"end":{"line":92,"column":16}},"92":{"start":{"line":93,"column":0},"end":{"line":93,"column":37}},"93":{"start":{"line":94,"column":0},"end":{"line":94,"column":50}},"94":{"start":{"line":95,"column":0},"end":{"line":95,"column":33}},"95":{"start":{"line":96,"column":0},"end":{"line":96,"column":16}},"96":{"start":{"line":97,"column":0},"end":{"line":97,"column":14}},"97":{"start":{"line":98,"column":0},"end":{"line":98,"column":12}},"100":{"start":{"line":101,"column":0},"end":{"line":101,"column":32}},"101":{"start":{"line":102,"column":0},"end":{"line":102,"column":53}},"102":{"start":{"line":103,"column":0},"end":{"line":103,"column":12}},"105":{"start":{"line":106,"column":0},"end":{"line":106,"column":36}},"107":{"start":{"line":108,"column":0},"end":{"line":108,"column":13}},"108":{"start":{"line":109,"column":0},"end":{"line":109,"column":18}},"109":{"start":{"line":110,"column":0},"end":{"line":110,"column":30}},"110":{"start":{"line":111,"column":0},"end":{"line":111,"column":68}},"111":{"start":{"line":112,"column":0},"end":{"line":112,"column":68}},"112":{"start":{"line":113,"column":0},"end":{"line":113,"column":12}},"113":{"start":{"line":114,"column":0},"end":{"line":114,"column":58}},"114":{"start":{"line":115,"column":0},"end":{"line":115,"column":54}},"115":{"start":{"line":116,"column":0},"end":{"line":116,"column":54}},"117":{"start":{"line":118,"column":0},"end":{"line":118,"column":32}},"118":{"start":{"line":119,"column":0},"end":{"line":119,"column":15}},"119":{"start":{"line":120,"column":0},"end":{"line":120,"column":12}},"120":{"start":{"line":121,"column":0},"end":{"line":121,"column":10}},"122":{"start":{"line":123,"column":0},"end":{"line":123,"column":2}},"125":{"start":{"line":126,"column":0},"end":{"line":126,"column":40}},"126":{"start":{"line":127,"column":0},"end":{"line":127,"column":24}},"127":{"start":{"line":128,"column":0},"end":{"line":128,"column":30}},"128":{"start":{"line":129,"column":0},"end":{"line":129,"column":23}},"129":{"start":{"line":130,"column":0},"end":{"line":130,"column":15}},"130":{"start":{"line":131,"column":0},"end":{"line":131,"column":25}},"131":{"start":{"line":132,"column":0},"end":{"line":132,"column":12}},"132":{"start":{"line":133,"column":0},"end":{"line":133,"column":73}},"133":{"start":{"line":134,"column":0},"end":{"line":134,"column":21}},"134":{"start":{"line":135,"column":0},"end":{"line":135,"column":54}},"136":{"start":{"line":137,"column":0},"end":{"line":137,"column":13}},"137":{"start":{"line":138,"column":0},"end":{"line":138,"column":14}},"138":{"start":{"line":139,"column":0},"end":{"line":139,"column":75}},"139":{"start":{"line":140,"column":0},"end":{"line":140,"column":34}},"140":{"start":{"line":141,"column":0},"end":{"line":141,"column":27}},"141":{"start":{"line":142,"column":0},"end":{"line":142,"column":11}},"142":{"start":{"line":143,"column":0},"end":{"line":143,"column":2}},"145":{"start":{"line":146,"column":0},"end":{"line":146,"column":47}},"146":{"start":{"line":147,"column":0},"end":{"line":147,"column":41}},"147":{"start":{"line":148,"column":0},"end":{"line":148,"column":31}},"148":{"start":{"line":149,"column":0},"end":{"line":149,"column":37}},"149":{"start":{"line":150,"column":0},"end":{"line":150,"column":17}},"150":{"start":{"line":151,"column":0},"end":{"line":151,"column":53}},"151":{"start":{"line":152,"column":0},"end":{"line":152,"column":20}},"152":{"start":{"line":153,"column":0},"end":{"line":153,"column":18}},"153":{"start":{"line":154,"column":0},"end":{"line":154,"column":34}},"154":{"start":{"line":155,"column":0},"end":{"line":155,"column":27}},"155":{"start":{"line":156,"column":0},"end":{"line":156,"column":14}},"156":{"start":{"line":157,"column":0},"end":{"line":157,"column":2}},"158":{"start":{"line":159,"column":0},"end":{"line":159,"column":51}},"159":{"start":{"line":160,"column":0},"end":{"line":160,"column":18}},"160":{"start":{"line":161,"column":0},"end":{"line":161,"column":27}},"161":{"start":{"line":162,"column":0},"end":{"line":162,"column":17}},"162":{"start":{"line":163,"column":0},"end":{"line":163,"column":10}},"163":{"start":{"line":164,"column":0},"end":{"line":164,"column":2}},"165":{"start":{"line":166,"column":0},"end":{"line":166,"column":42}},"166":{"start":{"line":167,"column":0},"end":{"line":167,"column":16}},"167":{"start":{"line":168,"column":0},"end":{"line":168,"column":17}},"168":{"start":{"line":169,"column":0},"end":{"line":169,"column":23}},"169":{"start":{"line":170,"column":0},"end":{"line":170,"column":40}},"170":{"start":{"line":171,"column":0},"end":{"line":171,"column":18}},"171":{"start":{"line":172,"column":0},"end":{"line":172,"column":23}},"172":{"start":{"line":173,"column":0},"end":{"line":173,"column":27}},"173":{"start":{"line":174,"column":0},"end":{"line":174,"column":47}},"174":{"start":{"line":175,"column":0},"end":{"line":175,"column":20}},"175":{"start":{"line":176,"column":0},"end":{"line":176,"column":54}},"176":{"start":{"line":177,"column":0},"end":{"line":177,"column":2}},"178":{"start":{"line":179,"column":0},"end":{"line":179,"column":48}},"179":{"start":{"line":180,"column":0},"end":{"line":180,"column":25}},"180":{"start":{"line":181,"column":0},"end":{"line":181,"column":38}},"181":{"start":{"line":182,"column":0},"end":{"line":182,"column":20}},"182":{"start":{"line":183,"column":0},"end":{"line":183,"column":19}},"183":{"start":{"line":184,"column":0},"end":{"line":184,"column":36}},"184":{"start":{"line":185,"column":0},"end":{"line":185,"column":2}},"186":{"start":{"line":187,"column":0},"end":{"line":187,"column":51}},"187":{"start":{"line":188,"column":0},"end":{"line":188,"column":18}},"188":{"start":{"line":189,"column":0},"end":{"line":189,"column":23}},"189":{"start":{"line":190,"column":0},"end":{"line":190,"column":16}},"190":{"start":{"line":191,"column":0},"end":{"line":191,"column":2}},"192":{"start":{"line":193,"column":0},"end":{"line":193,"column":41}},"193":{"start":{"line":194,"column":0},"end":{"line":194,"column":18}},"194":{"start":{"line":195,"column":0},"end":{"line":195,"column":13}},"195":{"start":{"line":196,"column":0},"end":{"line":196,"column":2}},"197":{"start":{"line":198,"column":0},"end":{"line":198,"column":46}},"198":{"start":{"line":199,"column":0},"end":{"line":199,"column":23}},"199":{"start":{"line":200,"column":0},"end":{"line":200,"column":20}},"200":{"start":{"line":201,"column":0},"end":{"line":201,"column":19}},"201":{"start":{"line":202,"column":0},"end":{"line":202,"column":40}},"202":{"start":{"line":203,"column":0},"end":{"line":203,"column":28}},"203":{"start":{"line":204,"column":0},"end":{"line":204,"column":22}},"204":{"start":{"line":205,"column":0},"end":{"line":205,"column":20}},"205":{"start":{"line":206,"column":0},"end":{"line":206,"column":54}},"206":{"start":{"line":207,"column":0},"end":{"line":207,"column":47}},"207":{"start":{"line":208,"column":0},"end":{"line":208,"column":2}},"209":{"start":{"line":210,"column":0},"end":{"line":210,"column":44}},"210":{"start":{"line":211,"column":0},"end":{"line":211,"column":18}},"211":{"start":{"line":212,"column":0},"end":{"line":212,"column":26}},"212":{"start":{"line":213,"column":0},"end":{"line":213,"column":17}},"213":{"start":{"line":214,"column":0},"end":{"line":214,"column":25}},"214":{"start":{"line":215,"column":0},"end":{"line":215,"column":2}},"216":{"start":{"line":217,"column":0},"end":{"line":217,"column":44}},"217":{"start":{"line":218,"column":0},"end":{"line":218,"column":18}},"218":{"start":{"line":219,"column":0},"end":{"line":219,"column":23}},"219":{"start":{"line":220,"column":0},"end":{"line":220,"column":17}},"220":{"start":{"line":221,"column":0},"end":{"line":221,"column":22}},"221":{"start":{"line":222,"column":0},"end":{"line":222,"column":36}},"222":{"start":{"line":223,"column":0},"end":{"line":223,"column":20}},"223":{"start":{"line":224,"column":0},"end":{"line":224,"column":2}},"225":{"start":{"line":226,"column":0},"end":{"line":226,"column":40}},"226":{"start":{"line":227,"column":0},"end":{"line":227,"column":36}},"227":{"start":{"line":228,"column":0},"end":{"line":228,"column":2}},"229":{"start":{"line":230,"column":0},"end":{"line":230,"column":43}},"230":{"start":{"line":231,"column":0},"end":{"line":231,"column":20}},"231":{"start":{"line":232,"column":0},"end":{"line":232,"column":66}},"232":{"start":{"line":233,"column":0},"end":{"line":233,"column":2}},"234":{"start":{"line":235,"column":0},"end":{"line":235,"column":46}},"235":{"start":{"line":236,"column":0},"end":{"line":236,"column":12}},"236":{"start":{"line":237,"column":0},"end":{"line":237,"column":38}},"237":{"start":{"line":238,"column":0},"end":{"line":238,"column":20}},"238":{"start":{"line":239,"column":0},"end":{"line":239,"column":19}},"239":{"start":{"line":240,"column":0},"end":{"line":240,"column":22}},"240":{"start":{"line":241,"column":0},"end":{"line":241,"column":20}},"241":{"start":{"line":242,"column":0},"end":{"line":242,"column":36}},"242":{"start":{"line":243,"column":0},"end":{"line":243,"column":2}},"245":{"start":{"line":246,"column":0},"end":{"line":246,"column":47}},"246":{"start":{"line":247,"column":0},"end":{"line":247,"column":42}},"247":{"start":{"line":248,"column":0},"end":{"line":248,"column":31}},"248":{"start":{"line":249,"column":0},"end":{"line":249,"column":37}},"249":{"start":{"line":250,"column":0},"end":{"line":250,"column":28}},"250":{"start":{"line":251,"column":0},"end":{"line":251,"column":18}},"251":{"start":{"line":252,"column":0},"end":{"line":252,"column":29}},"252":{"start":{"line":253,"column":0},"end":{"line":253,"column":2}},"254":{"start":{"line":255,"column":0},"end":{"line":255,"column":45}},"255":{"start":{"line":256,"column":0},"end":{"line":256,"column":23}},"256":{"start":{"line":257,"column":0},"end":{"line":257,"column":20}},"257":{"start":{"line":258,"column":0},"end":{"line":258,"column":19}},"258":{"start":{"line":259,"column":0},"end":{"line":259,"column":40}},"259":{"start":{"line":260,"column":0},"end":{"line":260,"column":29}},"260":{"start":{"line":261,"column":0},"end":{"line":261,"column":23}},"261":{"start":{"line":262,"column":0},"end":{"line":262,"column":25}},"262":{"start":{"line":263,"column":0},"end":{"line":263,"column":20}},"263":{"start":{"line":264,"column":0},"end":{"line":264,"column":54}},"264":{"start":{"line":265,"column":0},"end":{"line":265,"column":47}},"265":{"start":{"line":266,"column":0},"end":{"line":266,"column":2}},"268":{"start":{"line":269,"column":0},"end":{"line":269,"column":46}},"269":{"start":{"line":270,"column":0},"end":{"line":270,"column":13}},"270":{"start":{"line":271,"column":0},"end":{"line":271,"column":84}},"271":{"start":{"line":272,"column":0},"end":{"line":272,"column":23}},"272":{"start":{"line":273,"column":0},"end":{"line":273,"column":57}},"273":{"start":{"line":274,"column":0},"end":{"line":274,"column":13}},"274":{"start":{"line":275,"column":0},"end":{"line":275,"column":21}},"275":{"start":{"line":276,"column":0},"end":{"line":276,"column":27}},"276":{"start":{"line":277,"column":0},"end":{"line":277,"column":70}},"277":{"start":{"line":278,"column":0},"end":{"line":278,"column":45}},"278":{"start":{"line":279,"column":0},"end":{"line":279,"column":2}},"281":{"start":{"line":282,"column":0},"end":{"line":282,"column":46}},"282":{"start":{"line":283,"column":0},"end":{"line":283,"column":13}},"283":{"start":{"line":284,"column":0},"end":{"line":284,"column":84}},"284":{"start":{"line":285,"column":0},"end":{"line":285,"column":23}},"285":{"start":{"line":286,"column":0},"end":{"line":286,"column":57}},"286":{"start":{"line":287,"column":0},"end":{"line":287,"column":26}},"287":{"start":{"line":288,"column":0},"end":{"line":288,"column":54}},"288":{"start":{"line":289,"column":0},"end":{"line":289,"column":45}},"289":{"start":{"line":290,"column":0},"end":{"line":290,"column":56}},"290":{"start":{"line":291,"column":0},"end":{"line":291,"column":2}}},"s":{"5":1,"6":1,"7":1,"18":1,"19":6,"20":6,"21":6,"22":6,"23":6,"24":6,"25":6,"26":6,"28":6,"29":6,"30":30,"31":30,"32":30,"33":30,"34":30,"35":30,"36":30,"37":30,"38":6,"39":6,"41":6,"42":0,"43":0,"44":0,"46":6,"47":6,"49":6,"50":6,"52":6,"53":6,"54":6,"55":6,"56":6,"57":6,"58":6,"59":6,"60":6,"62":6,"63":6,"64":6,"65":6,"66":6,"67":6,"68":6,"69":6,"71":6,"72":6,"73":6,"74":6,"75":6,"76":6,"77":6,"78":6,"79":6,"81":6,"82":6,"83":6,"84":6,"85":6,"87":6,"88":6,"89":6,"90":6,"91":6,"92":6,"93":6,"94":6,"95":6,"96":6,"97":6,"100":6,"101":6,"102":6,"105":6,"107":6,"108":6,"109":6,"110":6,"111":6,"112":6,"113":6,"114":6,"115":6,"117":6,"118":6,"119":6,"120":6,"122":6,"125":1,"126":1,"127":1,"128":1,"129":1,"130":1,"131":1,"132":1,"133":1,"134":1,"136":1,"137":1,"138":1,"139":1,"140":1,"141":1,"142":1,"145":1,"146":1,"147":1,"148":1,"149":1,"150":1,"151":1,"152":1,"153":1,"154":1,"155":1,"156":1,"158":1,"159":1,"160":1,"161":1,"162":1,"163":1,"165":1,"166":1,"167":1,"168":1,"169":1,"170":1,"171":1,"172":1,"173":1,"174":1,"175":1,"176":1,"178":1,"179":1,"180":1,"181":1,"182":1,"183":1,"184":1,"186":1,"187":1,"188":1,"189":1,"190":1,"192":1,"193":1,"194":1,"195":1,"197":1,"198":1,"199":1,"200":1,"201":1,"202":1,"203":1,"204":1,"205":1,"206":1,"207":1,"209":1,"210":1,"211":1,"212":1,"213":1,"214":1,"216":1,"217":1,"218":1,"219":1,"220":1,"221":1,"222":1,"223":1,"225":1,"226":1,"227":1,"229":1,"230":1,"231":1,"232":1,"234":1,"235":1,"236":1,"237":1,"238":1,"239":1,"240":1,"241":1,"242":1,"245":1,"246":1,"247":1,"248":1,"249":1,"250":1,"251":1,"252":1,"254":1,"255":1,"256":1,"257":1,"258":1,"259":1,"260":1,"261":1,"262":1,"263":1,"264":1,"265":1,"268":1,"269":1,"270":1,"271":1,"272":1,"273":1,"274":1,"275":1,"276":1,"277":1,"278":1,"281":1,"282":1,"283":1,"284":1,"285":1,"286":1,"287":1,"288":1,"289":1,"290":1},"branchMap":{"0":{"type":"branch","line":19,"loc":{"start":{"line":19,"column":26},"end":{"line":123,"column":2}},"locations":[{"start":{"line":19,"column":26},"end":{"line":123,"column":2}}]},"1":{"type":"branch","line":56,"loc":{"start":{"line":56,"column":37},"end":{"line":56,"column":66}},"locations":[{"start":{"line":56,"column":37},"end":{"line":56,"column":66}}]},"2":{"type":"branch","line":57,"loc":{"start":{"line":57,"column":37},"end":{"line":57,"column":66}},"locations":[{"start":{"line":57,"column":37},"end":{"line":57,"column":66}}]},"3":{"type":"branch","line":67,"loc":{"start":{"line":67,"column":15},"end":{"line":67,"column":52}},"locations":[{"start":{"line":67,"column":15},"end":{"line":67,"column":52}}]},"4":{"type":"branch","line":75,"loc":{"start":{"line":75,"column":41},"end":{"line":75,"column":70}},"locations":[{"start":{"line":75,"column":41},"end":{"line":75,"column":70}}]},"5":{"type":"branch","line":76,"loc":{"start":{"line":76,"column":41},"end":{"line":76,"column":70}},"locations":[{"start":{"line":76,"column":41},"end":{"line":76,"column":70}}]},"6":{"type":"branch","line":111,"loc":{"start":{"line":111,"column":35},"end":{"line":111,"column":64}},"locations":[{"start":{"line":111,"column":35},"end":{"line":111,"column":64}}]},"7":{"type":"branch","line":112,"loc":{"start":{"line":112,"column":35},"end":{"line":112,"column":64}},"locations":[{"start":{"line":112,"column":35},"end":{"line":112,"column":64}}]},"8":{"type":"branch","line":29,"loc":{"start":{"line":29,"column":22},"end":{"line":40,"column":4}},"locations":[{"start":{"line":29,"column":22},"end":{"line":40,"column":4}}]},"9":{"type":"branch","line":30,"loc":{"start":{"line":30,"column":37},"end":{"line":38,"column":8}},"locations":[{"start":{"line":30,"column":37},"end":{"line":38,"column":8}}]},"10":{"type":"branch","line":35,"loc":{"start":{"line":35,"column":21},"end":{"line":35,"column":42}},"locations":[{"start":{"line":35,"column":21},"end":{"line":35,"column":42}}]},"11":{"type":"branch","line":35,"loc":{"start":{"line":35,"column":30},"end":{"line":35,"column":52}},"locations":[{"start":{"line":35,"column":30},"end":{"line":35,"column":52}}]},"12":{"type":"branch","line":36,"loc":{"start":{"line":36,"column":20},"end":{"line":36,"column":41}},"locations":[{"start":{"line":36,"column":20},"end":{"line":36,"column":41}}]},"13":{"type":"branch","line":36,"loc":{"start":{"line":36,"column":29},"end":{"line":36,"column":55}},"locations":[{"start":{"line":36,"column":29},"end":{"line":36,"column":55}}]}},"b":{"0":[6],"1":[0],"2":[0],"3":[0],"4":[0],"5":[0],"6":[0],"7":[0],"8":[6],"9":[30],"10":[27],"11":[3],"12":[27],"13":[3]},"fnMap":{"0":{"name":"ReviewCard","decl":{"start":{"line":19,"column":26},"end":{"line":123,"column":2}},"loc":{"start":{"line":19,"column":26},"end":{"line":123,"column":2}},"line":19},"1":{"name":"renderStars","decl":{"start":{"line":29,"column":22},"end":{"line":40,"column":4}},"loc":{"start":{"line":29,"column":22},"end":{"line":40,"column":4}},"line":29},"2":{"name":"handleElementClick","decl":{"start":{"line":42,"column":29},"end":{"line":45,"column":4}},"loc":{"start":{"line":42,"column":29},"end":{"line":45,"column":4}},"line":42},"3":{"name":"onMouseEnter","decl":{"start":{"line":59,"column":26},"end":{"line":59,"column":60}},"loc":{"start":{"line":59,"column":26},"end":{"line":59,"column":60}},"line":59},"4":{"name":"onMouseLeave","decl":{"start":{"line":60,"column":26},"end":{"line":60,"column":56}},"loc":{"start":{"line":60,"column":26},"end":{"line":60,"column":56}},"line":60},"5":{"name":"onClick","decl":{"start":{"line":61,"column":21},"end":{"line":61,"column":56}},"loc":{"start":{"line":61,"column":21},"end":{"line":61,"column":56}},"line":61},"6":{"name":"onMouseEnter","decl":{"start":{"line":78,"column":30},"end":{"line":78,"column":64}},"loc":{"start":{"line":78,"column":30},"end":{"line":78,"column":64}},"line":78},"7":{"name":"onMouseLeave","decl":{"start":{"line":79,"column":30},"end":{"line":79,"column":60}},"loc":{"start":{"line":79,"column":30},"end":{"line":79,"column":60}},"line":79},"8":{"name":"onClick","decl":{"start":{"line":80,"column":25},"end":{"line":80,"column":60}},"loc":{"start":{"line":80,"column":25},"end":{"line":80,"column":60}},"line":80},"9":{"name":"onMouseEnter","decl":{"start":{"line":114,"column":24},"end":{"line":114,"column":58}},"loc":{"start":{"line":114,"column":24},"end":{"line":114,"column":58}},"line":114},"10":{"name":"onMouseLeave","decl":{"start":{"line":115,"column":24},"end":{"line":115,"column":54}},"loc":{"start":{"line":115,"column":24},"end":{"line":115,"column":54}},"line":115},"11":{"name":"onClick","decl":{"start":{"line":116,"column":19},"end":{"line":116,"column":54}},"loc":{"start":{"line":116,"column":19},"end":{"line":116,"column":54}},"line":116}},"f":{"0":6,"1":6,"2":0,"3":0,"4":0,"5":0,"6":0,"7":0,"8":0,"9":0,"10":0,"11":0}}
,"C:\\Users\\Art Elshani\\Documents\\GitHub\\revvue-coding-challenge\\src\\components\\ReviewsDashboard.tsx": {"path":"C:\\Users\\Art Elshani\\Documents\\GitHub\\revvue-coding-challenge\\src\\components\\ReviewsDashboard.tsx","all":false,"statementMap":{"5":{"start":{"line":6,"column":0},"end":{"line":6,"column":66}},"6":{"start":{"line":7,"column":0},"end":{"line":7,"column":40}},"7":{"start":{"line":8,"column":0},"end":{"line":8,"column":44}},"8":{"start":{"line":9,"column":0},"end":{"line":9,"column":50}},"9":{"start":{"line":10,"column":0},"end":{"line":10,"column":40}},"10":{"start":{"line":11,"column":0},"end":{"line":11,"column":50}},"11":{"start":{"line":12,"column":0},"end":{"line":12,"column":63}},"12":{"start":{"line":13,"column":0},"end":{"line":13,"column":49}},"30":{"start":{"line":31,"column":0},"end":{"line":31,"column":39}},"31":{"start":{"line":32,"column":0},"end":{"line":32,"column":47}},"32":{"start":{"line":33,"column":0},"end":{"line":33,"column":58}},"33":{"start":{"line":34,"column":0},"end":{"line":34,"column":51}},"34":{"start":{"line":35,"column":0},"end":{"line":35,"column":50}},"35":{"start":{"line":36,"column":0},"end":{"line":36,"column":68}},"36":{"start":{"line":37,"column":0},"end":{"line":37,"column":90}},"37":{"start":{"line":38,"column":0},"end":{"line":38,"column":42}},"38":{"start":{"line":39,"column":0},"end":{"line":39,"column":37}},"39":{"start":{"line":40,"column":0},"end":{"line":40,"column":37}},"40":{"start":{"line":41,"column":0},"end":{"line":41,"column":28}},"41":{"start":{"line":42,"column":0},"end":{"line":42,"column":5}},"44":{"start":{"line":45,"column":0},"end":{"line":45,"column":19}},"45":{"start":{"line":46,"column":0},"end":{"line":46,"column":19}},"46":{"start":{"line":47,"column":0},"end":{"line":47,"column":9}},"48":{"start":{"line":49,"column":0},"end":{"line":49,"column":79}},"49":{"start":{"line":50,"column":0},"end":{"line":50,"column":9}},"50":{"start":{"line":51,"column":0},"end":{"line":51,"column":36}},"52":{"start":{"line":53,"column":0},"end":{"line":53,"column":26}},"53":{"start":{"line":54,"column":0},"end":{"line":54,"column":32}},"54":{"start":{"line":55,"column":0},"end":{"line":55,"column":61}},"66":{"start":{"line":67,"column":0},"end":{"line":67,"column":29}},"67":{"start":{"line":68,"column":0},"end":{"line":68,"column":55}},"80":{"start":{"line":81,"column":0},"end":{"line":81,"column":70}},"81":{"start":{"line":82,"column":0},"end":{"line":82,"column":23}},"82":{"start":{"line":83,"column":0},"end":{"line":83,"column":18}},"83":{"start":{"line":84,"column":0},"end":{"line":84,"column":45}},"84":{"start":{"line":85,"column":0},"end":{"line":85,"column":10}},"85":{"start":{"line":86,"column":0},"end":{"line":86,"column":40}},"86":{"start":{"line":87,"column":0},"end":{"line":87,"column":9}},"88":{"start":{"line":89,"column":0},"end":{"line":89,"column":25}},"89":{"start":{"line":90,"column":0},"end":{"line":90,"column":66}},"90":{"start":{"line":91,"column":0},"end":{"line":91,"column":7}},"92":{"start":{"line":93,"column":0},"end":{"line":93,"column":43}},"94":{"start":{"line":95,"column":0},"end":{"line":95,"column":26}},"95":{"start":{"line":96,"column":0},"end":{"line":96,"column":76}},"96":{"start":{"line":97,"column":0},"end":{"line":97,"column":7}},"98":{"start":{"line":99,"column":0},"end":{"line":99,"column":44}},"100":{"start":{"line":101,"column":0},"end":{"line":101,"column":19}},"101":{"start":{"line":102,"column":0},"end":{"line":102,"column":75}},"102":{"start":{"line":103,"column":0},"end":{"line":103,"column":34}},"104":{"start":{"line":105,"column":0},"end":{"line":105,"column":14}},"105":{"start":{"line":106,"column":0},"end":{"line":106,"column":51}},"107":{"start":{"line":108,"column":0},"end":{"line":108,"column":7}},"109":{"start":{"line":110,"column":0},"end":{"line":110,"column":45}},"110":{"start":{"line":111,"column":0},"end":{"line":111,"column":21}},"111":{"start":{"line":112,"column":0},"end":{"line":112,"column":19}},"112":{"start":{"line":113,"column":0},"end":{"line":113,"column":69}},"113":{"start":{"line":114,"column":0},"end":{"line":114,"column":15}},"114":{"start":{"line":115,"column":0},"end":{"line":115,"column":24}},"115":{"start":{"line":116,"column":0},"end":{"line":116,"column":5}},"116":{"start":{"line":117,"column":0},"end":{"line":117,"column":4}},"118":{"start":{"line":119,"column":0},"end":{"line":119,"column":54}},"119":{"start":{"line":120,"column":0},"end":{"line":120,"column":24}},"122":{"start":{"line":123,"column":0},"end":{"line":123,"column":49}},"123":{"start":{"line":124,"column":0},"end":{"line":124,"column":32}},"124":{"start":{"line":125,"column":0},"end":{"line":125,"column":36}},"125":{"start":{"line":126,"column":0},"end":{"line":126,"column":21}},"126":{"start":{"line":127,"column":0},"end":{"line":127,"column":5}},"128":{"start":{"line":129,"column":0},"end":{"line":129,"column":9}},"130":{"start":{"line":131,"column":0},"end":{"line":131,"column":47}},"131":{"start":{"line":132,"column":0},"end":{"line":132,"column":22}},"132":{"start":{"line":133,"column":0},"end":{"line":133,"column":19}},"133":{"start":{"line":134,"column":0},"end":{"line":134,"column":9}},"135":{"start":{"line":136,"column":0},"end":{"line":136,"column":32}},"137":{"start":{"line":138,"column":0},"end":{"line":138,"column":27}},"138":{"start":{"line":139,"column":0},"end":{"line":139,"column":42}},"139":{"start":{"line":140,"column":0},"end":{"line":140,"column":32}},"141":{"start":{"line":142,"column":0},"end":{"line":142,"column":46}},"142":{"start":{"line":143,"column":0},"end":{"line":143,"column":65}},"143":{"start":{"line":144,"column":0},"end":{"line":144,"column":5}},"144":{"start":{"line":145,"column":0},"end":{"line":145,"column":4}},"147":{"start":{"line":148,"column":0},"end":{"line":148,"column":59}},"148":{"start":{"line":149,"column":0},"end":{"line":149,"column":26}},"151":{"start":{"line":152,"column":0},"end":{"line":152,"column":22}},"152":{"start":{"line":153,"column":0},"end":{"line":153,"column":26}},"153":{"start":{"line":154,"column":0},"end":{"line":154,"column":13}},"154":{"start":{"line":155,"column":0},"end":{"line":155,"column":9}},"157":{"start":{"line":158,"column":0},"end":{"line":158,"column":74}},"158":{"start":{"line":159,"column":0},"end":{"line":159,"column":27}},"159":{"start":{"line":160,"column":0},"end":{"line":160,"column":9}},"162":{"start":{"line":163,"column":0},"end":{"line":163,"column":54}},"165":{"start":{"line":166,"column":0},"end":{"line":166,"column":41}},"166":{"start":{"line":167,"column":0},"end":{"line":167,"column":29}},"167":{"start":{"line":168,"column":0},"end":{"line":168,"column":26}},"168":{"start":{"line":169,"column":0},"end":{"line":169,"column":21}},"169":{"start":{"line":170,"column":0},"end":{"line":170,"column":29}},"170":{"start":{"line":171,"column":0},"end":{"line":171,"column":28}},"171":{"start":{"line":172,"column":0},"end":{"line":172,"column":52}},"172":{"start":{"line":173,"column":0},"end":{"line":173,"column":31}},"173":{"start":{"line":174,"column":0},"end":{"line":174,"column":29}},"174":{"start":{"line":175,"column":0},"end":{"line":175,"column":52}},"175":{"start":{"line":176,"column":0},"end":{"line":176,"column":74}},"176":{"start":{"line":177,"column":0},"end":{"line":177,"column":9}},"177":{"start":{"line":178,"column":0},"end":{"line":178,"column":19}},"180":{"start":{"line":181,"column":0},"end":{"line":181,"column":28}},"181":{"start":{"line":182,"column":0},"end":{"line":182,"column":33}},"182":{"start":{"line":183,"column":0},"end":{"line":183,"column":55}},"183":{"start":{"line":184,"column":0},"end":{"line":184,"column":8}},"184":{"start":{"line":185,"column":0},"end":{"line":185,"column":5}},"187":{"start":{"line":188,"column":0},"end":{"line":188,"column":37}},"188":{"start":{"line":189,"column":0},"end":{"line":189,"column":44}},"189":{"start":{"line":190,"column":0},"end":{"line":190,"column":47}},"190":{"start":{"line":191,"column":0},"end":{"line":191,"column":8}},"191":{"start":{"line":192,"column":0},"end":{"line":192,"column":5}},"194":{"start":{"line":195,"column":0},"end":{"line":195,"column":43}},"195":{"start":{"line":196,"column":0},"end":{"line":196,"column":54}},"198":{"start":{"line":199,"column":0},"end":{"line":199,"column":42}},"199":{"start":{"line":200,"column":0},"end":{"line":200,"column":31}},"200":{"start":{"line":201,"column":0},"end":{"line":201,"column":56}},"201":{"start":{"line":202,"column":0},"end":{"line":202,"column":6}},"202":{"start":{"line":203,"column":0},"end":{"line":203,"column":26}},"203":{"start":{"line":204,"column":0},"end":{"line":204,"column":19}},"206":{"start":{"line":207,"column":0},"end":{"line":207,"column":56}},"207":{"start":{"line":208,"column":0},"end":{"line":208,"column":60}},"208":{"start":{"line":209,"column":0},"end":{"line":209,"column":53}},"214":{"start":{"line":215,"column":0},"end":{"line":215,"column":39}},"215":{"start":{"line":216,"column":0},"end":{"line":216,"column":37}},"217":{"start":{"line":218,"column":0},"end":{"line":218,"column":75}},"218":{"start":{"line":219,"column":0},"end":{"line":219,"column":32}},"219":{"start":{"line":220,"column":0},"end":{"line":220,"column":20}},"220":{"start":{"line":221,"column":0},"end":{"line":221,"column":14}},"221":{"start":{"line":222,"column":0},"end":{"line":222,"column":24}},"223":{"start":{"line":224,"column":0},"end":{"line":224,"column":10}},"224":{"start":{"line":225,"column":0},"end":{"line":225,"column":32}},"226":{"start":{"line":227,"column":0},"end":{"line":227,"column":39}},"227":{"start":{"line":228,"column":0},"end":{"line":228,"column":64}},"228":{"start":{"line":229,"column":0},"end":{"line":229,"column":75}},"229":{"start":{"line":230,"column":0},"end":{"line":230,"column":12}},"232":{"start":{"line":233,"column":0},"end":{"line":233,"column":39}},"233":{"start":{"line":234,"column":0},"end":{"line":234,"column":18}},"234":{"start":{"line":235,"column":0},"end":{"line":235,"column":31}},"235":{"start":{"line":236,"column":0},"end":{"line":236,"column":28}},"236":{"start":{"line":237,"column":0},"end":{"line":237,"column":29}},"237":{"start":{"line":238,"column":0},"end":{"line":238,"column":50}},"238":{"start":{"line":239,"column":0},"end":{"line":239,"column":43}},"239":{"start":{"line":240,"column":0},"end":{"line":240,"column":16}},"240":{"start":{"line":241,"column":0},"end":{"line":241,"column":26}},"241":{"start":{"line":242,"column":0},"end":{"line":242,"column":23}},"242":{"start":{"line":243,"column":0},"end":{"line":243,"column":59}},"243":{"start":{"line":244,"column":0},"end":{"line":244,"column":14}},"245":{"start":{"line":246,"column":0},"end":{"line":246,"column":10}},"246":{"start":{"line":247,"column":0},"end":{"line":247,"column":18}},"247":{"start":{"line":248,"column":0},"end":{"line":248,"column":32}},"248":{"start":{"line":249,"column":0},"end":{"line":249,"column":38}},"249":{"start":{"line":250,"column":0},"end":{"line":250,"column":37}},"250":{"start":{"line":251,"column":0},"end":{"line":251,"column":51}},"251":{"start":{"line":252,"column":0},"end":{"line":252,"column":44}},"252":{"start":{"line":253,"column":0},"end":{"line":253,"column":16}},"253":{"start":{"line":254,"column":0},"end":{"line":254,"column":76}},"255":{"start":{"line":256,"column":0},"end":{"line":256,"column":10}},"256":{"start":{"line":257,"column":0},"end":{"line":257,"column":18}},"257":{"start":{"line":258,"column":0},"end":{"line":258,"column":25}},"258":{"start":{"line":259,"column":0},"end":{"line":259,"column":40}},"259":{"start":{"line":260,"column":0},"end":{"line":260,"column":20}},"260":{"start":{"line":261,"column":0},"end":{"line":261,"column":73}},"261":{"start":{"line":262,"column":0},"end":{"line":262,"column":34}},"262":{"start":{"line":263,"column":0},"end":{"line":263,"column":29}},"264":{"start":{"line":265,"column":0},"end":{"line":265,"column":52}},"265":{"start":{"line":266,"column":0},"end":{"line":266,"column":45}},"266":{"start":{"line":267,"column":0},"end":{"line":267,"column":16}},"267":{"start":{"line":268,"column":0},"end":{"line":268,"column":23}},"268":{"start":{"line":269,"column":0},"end":{"line":269,"column":23}},"269":{"start":{"line":270,"column":0},"end":{"line":270,"column":59}},"270":{"start":{"line":271,"column":0},"end":{"line":271,"column":14}},"272":{"start":{"line":273,"column":0},"end":{"line":273,"column":10}},"273":{"start":{"line":274,"column":0},"end":{"line":274,"column":12}},"276":{"start":{"line":277,"column":0},"end":{"line":277,"column":16}},"277":{"start":{"line":278,"column":0},"end":{"line":278,"column":31}},"278":{"start":{"line":279,"column":0},"end":{"line":279,"column":35}},"279":{"start":{"line":280,"column":0},"end":{"line":280,"column":71}},"280":{"start":{"line":281,"column":0},"end":{"line":281,"column":27}},"281":{"start":{"line":282,"column":0},"end":{"line":282,"column":8}},"284":{"start":{"line":285,"column":0},"end":{"line":285,"column":21}},"285":{"start":{"line":286,"column":0},"end":{"line":286,"column":43}},"286":{"start":{"line":287,"column":0},"end":{"line":287,"column":43}},"287":{"start":{"line":288,"column":0},"end":{"line":288,"column":27}},"288":{"start":{"line":289,"column":0},"end":{"line":289,"column":8}},"291":{"start":{"line":292,"column":0},"end":{"line":292,"column":18}},"292":{"start":{"line":293,"column":0},"end":{"line":293,"column":33}},"293":{"start":{"line":294,"column":0},"end":{"line":294,"column":52}},"294":{"start":{"line":295,"column":0},"end":{"line":295,"column":21}},"295":{"start":{"line":296,"column":0},"end":{"line":296,"column":22}},"296":{"start":{"line":297,"column":0},"end":{"line":297,"column":71}},"297":{"start":{"line":298,"column":0},"end":{"line":298,"column":45}},"298":{"start":{"line":299,"column":0},"end":{"line":299,"column":36}},"300":{"start":{"line":301,"column":0},"end":{"line":301,"column":8}},"303":{"start":{"line":304,"column":0},"end":{"line":304,"column":19}},"304":{"start":{"line":305,"column":0},"end":{"line":305,"column":23}},"305":{"start":{"line":306,"column":0},"end":{"line":306,"column":37}},"306":{"start":{"line":307,"column":0},"end":{"line":307,"column":27}},"307":{"start":{"line":308,"column":0},"end":{"line":308,"column":27}},"308":{"start":{"line":309,"column":0},"end":{"line":309,"column":10}},"310":{"start":{"line":311,"column":0},"end":{"line":311,"column":10}},"312":{"start":{"line":313,"column":0},"end":{"line":313,"column":2}},"315":{"start":{"line":316,"column":0},"end":{"line":316,"column":45}},"316":{"start":{"line":317,"column":0},"end":{"line":317,"column":21}},"317":{"start":{"line":318,"column":0},"end":{"line":318,"column":84}},"318":{"start":{"line":319,"column":0},"end":{"line":319,"column":24}},"319":{"start":{"line":320,"column":0},"end":{"line":320,"column":73}},"320":{"start":{"line":321,"column":0},"end":{"line":321,"column":2}},"323":{"start":{"line":324,"column":0},"end":{"line":324,"column":50}},"324":{"start":{"line":325,"column":0},"end":{"line":325,"column":22}},"325":{"start":{"line":326,"column":0},"end":{"line":326,"column":28}},"326":{"start":{"line":327,"column":0},"end":{"line":327,"column":2}},"328":{"start":{"line":329,"column":0},"end":{"line":329,"column":45}},"329":{"start":{"line":330,"column":0},"end":{"line":330,"column":21}},"330":{"start":{"line":331,"column":0},"end":{"line":331,"column":20}},"331":{"start":{"line":332,"column":0},"end":{"line":332,"column":13}},"332":{"start":{"line":333,"column":0},"end":{"line":333,"column":84}},"333":{"start":{"line":334,"column":0},"end":{"line":334,"column":31}},"334":{"start":{"line":335,"column":0},"end":{"line":335,"column":37}},"335":{"start":{"line":336,"column":0},"end":{"line":336,"column":25}},"336":{"start":{"line":337,"column":0},"end":{"line":337,"column":25}},"337":{"start":{"line":338,"column":0},"end":{"line":338,"column":22}},"338":{"start":{"line":339,"column":0},"end":{"line":339,"column":2}},"340":{"start":{"line":341,"column":0},"end":{"line":341,"column":48}},"341":{"start":{"line":342,"column":0},"end":{"line":342,"column":21}},"342":{"start":{"line":343,"column":0},"end":{"line":343,"column":19}},"343":{"start":{"line":344,"column":0},"end":{"line":344,"column":12}},"344":{"start":{"line":345,"column":0},"end":{"line":345,"column":20}},"345":{"start":{"line":346,"column":0},"end":{"line":346,"column":22}},"346":{"start":{"line":347,"column":0},"end":{"line":347,"column":2}},"348":{"start":{"line":349,"column":0},"end":{"line":349,"column":50}},"349":{"start":{"line":350,"column":0},"end":{"line":350,"column":18}},"350":{"start":{"line":351,"column":0},"end":{"line":351,"column":62}},"351":{"start":{"line":352,"column":0},"end":{"line":352,"column":14}},"352":{"start":{"line":353,"column":0},"end":{"line":353,"column":25}},"353":{"start":{"line":354,"column":0},"end":{"line":354,"column":20}},"354":{"start":{"line":355,"column":0},"end":{"line":355,"column":19}},"355":{"start":{"line":356,"column":0},"end":{"line":356,"column":2}}},"s":{"5":1,"6":1,"7":1,"8":1,"9":1,"10":1,"11":1,"12":1,"30":1,"31":9,"32":9,"33":9,"34":9,"35":9,"36":9,"37":9,"38":9,"39":9,"40":9,"41":9,"44":9,"45":6,"46":9,"48":9,"49":12,"50":12,"52":12,"53":0,"54":0,"66":12,"67":12,"80":12,"81":12,"82":12,"83":12,"84":12,"85":12,"86":12,"88":12,"89":0,"90":0,"92":11,"94":12,"95":0,"96":0,"98":11,"100":12,"101":0,"102":0,"104":12,"105":11,"107":11,"109":11,"110":11,"111":12,"112":1,"113":12,"114":12,"115":12,"116":12,"118":9,"119":6,"122":6,"123":0,"124":6,"125":6,"126":6,"128":9,"130":9,"131":0,"132":0,"133":9,"135":9,"137":0,"138":0,"139":0,"141":0,"142":0,"143":0,"144":0,"147":9,"148":0,"151":0,"152":0,"153":0,"154":9,"157":9,"158":0,"159":9,"162":9,"165":9,"166":9,"167":0,"168":0,"169":0,"170":0,"171":0,"172":0,"173":0,"174":0,"175":0,"176":0,"177":9,"180":9,"181":0,"182":0,"183":0,"184":0,"187":9,"188":0,"189":0,"190":0,"191":0,"194":9,"195":9,"198":9,"199":9,"200":9,"201":9,"202":9,"203":9,"206":9,"207":9,"208":9,"214":9,"215":9,"217":3,"218":3,"219":3,"220":6,"221":9,"223":9,"224":9,"226":9,"227":9,"228":9,"229":9,"232":9,"233":9,"234":9,"235":9,"236":9,"237":9,"238":9,"239":9,"240":9,"241":9,"242":9,"243":9,"245":9,"246":9,"247":9,"248":9,"249":9,"250":9,"251":9,"252":9,"253":9,"255":9,"256":9,"257":9,"258":9,"259":9,"260":9,"261":0,"262":9,"264":9,"265":9,"266":9,"267":9,"268":9,"269":9,"270":9,"272":9,"273":9,"276":9,"277":9,"278":9,"279":9,"280":9,"281":9,"284":9,"285":9,"286":9,"287":9,"288":9,"291":9,"292":9,"293":9,"294":9,"295":9,"296":9,"297":0,"298":9,"300":9,"303":9,"304":3,"305":3,"306":3,"307":3,"308":3,"310":9,"312":9,"315":1,"316":1,"317":1,"318":1,"319":1,"320":1,"323":1,"324":1,"325":1,"326":1,"328":1,"329":1,"330":1,"331":1,"332":1,"333":1,"334":1,"335":1,"336":1,"337":1,"338":1,"340":1,"341":1,"342":1,"343":1,"344":1,"345":1,"346":1,"348":1,"349":1,"350":1,"351":1,"352":1,"353":1,"354":1,"355":1},"branchMap":{"0":{"type":"branch","line":31,"loc":{"start":{"line":31,"column":32},"end":{"line":313,"column":2}},"locations":[{"start":{"line":31,"column":32},"end":{"line":313,"column":2}}]},"1":{"type":"branch","line":209,"loc":{"start":{"line":209,"column":18},"end":{"line":209,"column":53}},"locations":[{"start":{"line":209,"column":18},"end":{"line":209,"column":53}}]},"2":{"type":"branch","line":261,"loc":{"start":{"line":261,"column":72},"end":{"line":262,"column":34}},"locations":[{"start":{"line":261,"column":72},"end":{"line":262,"column":34}}]},"3":{"type":"branch","line":294,"loc":{"start":{"line":294,"column":17},"end":{"line":294,"column":52}},"locations":[{"start":{"line":294,"column":17},"end":{"line":294,"column":52}}]},"4":{"type":"branch","line":297,"loc":{"start":{"line":297,"column":70},"end":{"line":298,"column":45}},"locations":[{"start":{"line":297,"column":70},"end":{"line":298,"column":45}}]},"5":{"type":"branch","line":304,"loc":{"start":{"line":304,"column":7},"end":{"line":309,"column":10}},"locations":[{"start":{"line":304,"column":7},"end":{"line":309,"column":10}}]},"6":{"type":"branch","line":45,"loc":{"start":{"line":45,"column":12},"end":{"line":47,"column":5}},"locations":[{"start":{"line":45,"column":12},"end":{"line":47,"column":5}}]},"7":{"type":"branch","line":49,"loc":{"start":{"line":49,"column":23},"end":{"line":117,"column":4}},"locations":[{"start":{"line":49,"column":23},"end":{"line":117,"column":4}}]},"8":{"type":"branch","line":53,"loc":{"start":{"line":53,"column":20},"end":{"line":55,"column":61}},"locations":[{"start":{"line":53,"column":20},"end":{"line":55,"column":61}}]},"9":{"type":"branch","line":68,"loc":{"start":{"line":68,"column":35},"end":{"line":68,"column":49}},"locations":[{"start":{"line":68,"column":35},"end":{"line":68,"column":49}}]},"10":{"type":"branch","line":87,"loc":{"start":{"line":87,"column":7},"end":{"line":89,"column":24}},"locations":[{"start":{"line":87,"column":7},"end":{"line":89,"column":24}}]},"11":{"type":"branch","line":89,"loc":{"start":{"line":89,"column":24},"end":{"line":91,"column":7}},"locations":[{"start":{"line":89,"column":24},"end":{"line":91,"column":7}}]},"12":{"type":"branch","line":91,"loc":{"start":{"line":91,"column":6},"end":{"line":95,"column":25}},"locations":[{"start":{"line":91,"column":6},"end":{"line":95,"column":25}}]},"13":{"type":"branch","line":95,"loc":{"start":{"line":95,"column":25},"end":{"line":97,"column":7}},"locations":[{"start":{"line":95,"column":25},"end":{"line":97,"column":7}}]},"14":{"type":"branch","line":97,"loc":{"start":{"line":97,"column":6},"end":{"line":101,"column":18}},"locations":[{"start":{"line":97,"column":6},"end":{"line":101,"column":18}}]},"15":{"type":"branch","line":101,"loc":{"start":{"line":101,"column":18},"end":{"line":105,"column":13}},"locations":[{"start":{"line":101,"column":18},"end":{"line":105,"column":13}}]},"16":{"type":"branch","line":105,"loc":{"start":{"line":105,"column":6},"end":{"line":112,"column":13}},"locations":[{"start":{"line":105,"column":6},"end":{"line":112,"column":13}}]},"17":{"type":"branch","line":112,"loc":{"start":{"line":112,"column":4},"end":{"line":114,"colum
[...]
,"C:\\Users\\Art Elshani\\Documents\\GitHub\\revvue-coding-challenge\\src\\components\\StatsCard.tsx": {"path":"C:\\Users\\Art Elshani\\Documents\\GitHub\\revvue-coding-challenge\\src\\components\\StatsCard.tsx","all":false,"statementMap":{"5":{"start":{"line":6,"column":0},"end":{"line":6,"column":33}},"16":{"start":{"line":17,"column":0},"end":{"line":17,"column":27}},"17":{"start":{"line":18,"column":0},"end":{"line":18,"column":8}},"18":{"start":{"line":19,"column":0},"end":{"line":19,"column":8}},"19":{"start":{"line":20,"column":0},"end":{"line":20,"column":11}},"20":{"start":{"line":21,"column":0},"end":{"line":21,"column":7}},"21":{"start":{"line":22,"column":0},"end":{"line":22,"column":10}},"22":{"start":{"line":23,"column":0},"end":{"line":23,"column":19}},"23":{"start":{"line":24,"column":0},"end":{"line":24,"column":23}},"24":{"start":{"line":25,"column":0},"end":{"line":25,"column":52}},"26":{"start":{"line":27,"column":0},"end":{"line":27,"column":10}},"27":{"start":{"line":28,"column":0},"end":{"line":28,"column":8}},"28":{"start":{"line":29,"column":0},"end":{"line":29,"column":14}},"29":{"start":{"line":30,"column":0},"end":{"line":30,"column":21}},"30":{"start":{"line":31,"column":0},"end":{"line":31,"column":45}},"31":{"start":{"line":32,"column":0},"end":{"line":32,"column":58}},"32":{"start":{"line":33,"column":0},"end":{"line":33,"column":48}},"33":{"start":{"line":34,"column":0},"end":{"line":34,"column":8}},"34":{"start":{"line":35,"column":0},"end":{"line":35,"column":23}},"35":{"start":{"line":36,"column":0},"end":{"line":36,"column":45}},"36":{"start":{"line":37,"column":0},"end":{"line":37,"column":46}},"38":{"start":{"line":39,"column":0},"end":{"line":39,"column":31}},"39":{"start":{"line":40,"column":0},"end":{"line":40,"column":62}},"40":{"start":{"line":41,"column":0},"end":{"line":41,"column":40}},"41":{"start":{"line":42,"column":0},"end":{"line":42,"column":13}},"42":{"start":{"line":43,"column":0},"end":{"line":43,"column":20}},"43":{"start":{"line":44,"column":0},"end":{"line":44,"column":28}},"44":{"start":{"line":45,"column":0},"end":{"line":45,"column":74}},"45":{"start":{"line":46,"column":0},"end":{"line":46,"column":14}},"47":{"start":{"line":48,"column":0},"end":{"line":48,"column":19}},"48":{"start":{"line":49,"column":0},"end":{"line":49,"column":15}},"49":{"start":{"line":50,"column":0},"end":{"line":50,"column":24}},"50":{"start":{"line":51,"column":0},"end":{"line":51,"column":14}},"51":{"start":{"line":52,"column":0},"end":{"line":52,"column":22}},"52":{"start":{"line":53,"column":0},"end":{"line":53,"column":33}},"53":{"start":{"line":54,"column":0},"end":{"line":54,"column":22}},"54":{"start":{"line":55,"column":0},"end":{"line":55,"column":39}},"55":{"start":{"line":56,"column":0},"end":{"line":56,"column":48}},"56":{"start":{"line":57,"column":0},"end":{"line":57,"column":42}},"57":{"start":{"line":58,"column":0},"end":{"line":58,"column":16}},"59":{"start":{"line":60,"column":0},"end":{"line":60,"column":24}},"60":{"start":{"line":61,"column":0},"end":{"line":61,"column":16}},"62":{"start":{"line":63,"column":0},"end":{"line":63,"column":14}},"63":{"start":{"line":64,"column":0},"end":{"line":64,"column":12}},"65":{"start":{"line":66,"column":0},"end":{"line":66,"column":39}},"66":{"start":{"line":67,"column":0},"end":{"line":67,"column":13}},"67":{"start":{"line":68,"column":0},"end":{"line":68,"column":18}},"68":{"start":{"line":69,"column":0},"end":{"line":69,"column":26}},"69":{"start":{"line":70,"column":0},"end":{"line":70,"column":72}},"70":{"start":{"line":71,"column":0},"end":{"line":71,"column":12}},"72":{"start":{"line":73,"column":0},"end":{"line":73,"column":17}},"73":{"start":{"line":74,"column":0},"end":{"line":74,"column":15}},"74":{"start":{"line":75,"column":0},"end":{"line":75,"column":12}},"77":{"start":{"line":78,"column":0},"end":{"line":78,"column":58}},"78":{"start":{"line":79,"column":0},"end":{"line":79,"column":10}},"80":{"start":{"line":81,"column":0},"end":{"line":81,"column":2}},"83":{"start":{"line":84,"column":0},"end":{"line":84,"column":40}},"84":{"start":{"line":85,"column":0},"end":{"line":85,"column":50}},"85":{"start":{"line":86,"column":0},"end":{"line":86,"column":83}},"86":{"start":{"line":87,"column":0},"end":{"line":87,"column":31}},"87":{"start":{"line":88,"column":0},"end":{"line":88,"column":37}},"88":{"start":{"line":89,"column":0},"end":{"line":89,"column":47}},"89":{"start":{"line":90,"column":0},"end":{"line":90,"column":23}},"90":{"start":{"line":91,"column":0},"end":{"line":91,"column":20}},"91":{"start":{"line":92,"column":0},"end":{"line":92,"column":14}},"95":{"start":{"line":96,"column":0},"end":{"line":96,"column":89}},"96":{"start":{"line":97,"column":0},"end":{"line":97,"column":50}},"97":{"start":{"line":98,"column":0},"end":{"line":98,"column":72}},"98":{"start":{"line":99,"column":0},"end":{"line":99,"column":2}},"101":{"start":{"line":102,"column":0},"end":{"line":102,"column":45}},"102":{"start":{"line":103,"column":0},"end":{"line":103,"column":13}},"103":{"start":{"line":104,"column":0},"end":{"line":104,"column":84}},"104":{"start":{"line":105,"column":0},"end":{"line":105,"column":23}},"105":{"start":{"line":106,"column":0},"end":{"line":106,"column":57}},"106":{"start":{"line":107,"column":0},"end":{"line":107,"column":13}},"107":{"start":{"line":108,"column":0},"end":{"line":108,"column":21}},"108":{"start":{"line":109,"column":0},"end":{"line":109,"column":69}},"109":{"start":{"line":110,"column":0},"end":{"line":110,"column":75}},"110":{"start":{"line":111,"column":0},"end":{"line":111,"column":57}},"111":{"start":{"line":112,"column":0},"end":{"line":112,"column":52}},"112":{"start":{"line":113,"column":0},"end":{"line":113,"column":2}},"115":{"start":{"line":116,"column":0},"end":{"line":116,"column":48}},"116":{"start":{"line":117,"column":0},"end":{"line":117,"column":30}},"117":{"start":{"line":118,"column":0},"end":{"line":118,"column":2}},"119":{"start":{"line":120,"column":0},"end":{"line":120,"column":42}},"120":{"start":{"line":121,"column":0},"end":{"line":121,"column":18}},"121":{"start":{"line":122,"column":0},"end":{"line":122,"column":23}},"122":{"start":{"line":123,"column":0},"end":{"line":123,"column":17}},"123":{"start":{"line":124,"column":0},"end":{"line":124,"column":23}},"124":{"start":{"line":125,"column":0},"end":{"line":125,"column":2}},"126":{"start":{"line":127,"column":0},"end":{"line":127,"column":49}},"127":{"start":{"line":128,"column":0},"end":{"line":128,"column":16}},"128":{"start":{"line":129,"column":0},"end":{"line":129,"column":17}},"129":{"start":{"line":130,"column":0},"end":{"line":130,"column":22}},"130":{"start":{"line":131,"column":0},"end":{"line":131,"column":41}},"131":{"start":{"line":132,"column":0},"end":{"line":132,"column":18}},"132":{"start":{"line":133,"column":0},"end":{"line":133,"column":23}},"133":{"start":{"line":134,"column":0},"end":{"line":134,"column":27}},"134":{"start":{"line":135,"column":0},"end":{"line":135,"column":2}},"136":{"start":{"line":137,"column":0},"end":{"line":137,"column":49}},"137":{"start":{"line":138,"column":0},"end":{"line":138,"column":41}},"138":{"start":{"line":139,"column":0},"end":{"line":139,"column":2}},"140":{"start":{"line":141,"column":0},"end":{"line":141,"column":41}},"141":{"start":{"line":142,"column":0},"end":{"line":142,"column":12}},"142":{"start":{"line":143,"column":0},"end":{"line":143,"column":34}},"143":{"start":{"line":144,"column":0},"end":{"line":144,"column":20}},"144":{"start":{"line":145,"column":0},"end":{"line":145,"column":55}},"145":{"start":{"line":146,"column":0},"end":{"line":146,"column":29}},"146":{"start":{"line":147,"column":0},"end":{"line":147,"column":25}},"147":{"start":{"line":148,"column":0},"end":{"line":148,"column":36}},"148":{"start":{"line":149,"column":0},"end":{"line":149,"column":2}},"150":{"start":{"line":151,"column":0},"end":{"line":151,"column":44}},"151":{"start":{"line":152,"column":0},"end":{"line":152,"column":26}},"152":{"start":{"line":153,"column":0},"end":{"line":153,"column":38}},"153":{"start":{"line":154,"column":0},"end":{"line":154,"column":53}},"154":{"start":{"line":155,"column":0},"end":{"line":155,"column":36}},"155":{"start":{"line":156,"column":0},"end":{"line":156,"column":2}},"157":{"start":{"line":158,"column":0},"end":{"line":158,"column":50}},"158":{"start":{"line":159,"column":0},"end":{"line":159,"column":36}},"159":{"start":{"line":160,"column":0},"end":{"line":160,"column":22}},"160":{"start":{"line":161,"column":0},"end":{"line":161,"column":2}},"162":{"start":{"line":163,"column":0},"end":{"line":163,"column":41}},"163":{"start":{"line":164,"column":0},"end":{"line":164,"column":37}},"164":{"start":{"line":165,"column":0},"end":{"line":165,"column":20}},"165":{"start":{"line":166,"column":0},"end":{"line":166,"column":53}},"166":{"start":{"line":167,"column":0},"end":{"line":167,"column":63}},"167":{"start":{"line":168,"column":0},"end":{"line":168,"column":2}},"170":{"start":{"line":171,"column":0},"end":{"line":171,"column":46}},"171":{"start":{"line":172,"column":0},"end":{"line":172,"column":13}},"172":{"start":{"line":173,"column":0},"end":{"line":173,"column":115}},"173":{"start":{"line":174,"column":0},"end":{"line":174,"column":23}},"174":{"start":{"line":175,"column":0},"end":{"line":175,"column":57}},"175":{"start":{"line":176,"column":0},"end":{"line":176,"column":46}},"176":{"start":{"line":177,"column":0},"end":{"line":177,"column":48}},"177":{"start":{"line":178,"column":0},"end":{"line":178,"column":52}},"178":{"start":{"line":179,"column":0},"end":{"line":179,"column":21}},"179":{"start":{"line":180,"column":0},"end":{"line":180,"column":2}},"181":{"start":{"line":182,"column":0},"end":{"line":182,"column":49}},"182":{"start":{"line":183,"column":0},"end":{"line":183,"column":23}},"183":{"start":{"line":184,"column":0},"end":{"line":184,"column":9}},"184":{"start":{"line":185,"column":0},"end":{"line":185,"column":10}},"185":{"start":{"line":186,"column":0},"end":{"line":186,"column":11}},"186":{"start":{"line":187,"column":0},"end":{"line":187,"column":12}},"187":{"start":{"line":188,"column":0},"end":{"line":188,"column":15}},"194":{"start":{"line":195,"column":0},"end":{"line":195,"column":66}},"195":{"start":{"line":196,"column":0},"end":{"line":196,"column":37}},"196":{"start":{"line":197,"column":0},"end":{"line":197,"column":23}},"197":{"start":{"line":198,"column":0},"end":{"line":198,"column":24}},"198":{"start":{"line":199,"column":0},"end":{"line":199,"column":66}},"199":{"start":{"line":200,"column":0},"end":{"line":200,"column":2}}},"s":{"5":1,"16":1,"17":27,"18":27,"19":27,"20":27,"21":27,"22":27,"23":27,"24":27,"26":27,"27":27,"28":27,"29":27,"30":27,"31":27,"32":27,"33":27,"34":27,"35":27,"36":27,"38":27,"39":27,"40":27,"41":27,"42":27,"43":27,"44":27,"45":27,"47":27,"48":27,"49":27,"50":27,"51":27,"52":27,"53":27,"54":27,"55":0,"56":27,"57":27,"59":27,"60":27,"62":27,"63":27,"65":27,"66":27,"67":27,"68":27,"69":27,"70":27,"72":27,"73":27,"74":27,"77":27,"78":27,"80":27,"83":1,"84":1,"85":1,"86":1,"87":1,"88":1,"89":1,"90":1,"91":1,"95":1,"96":1,"97":1,"98":1,"101":1,"102":1,"103":1,"104":1,"105":1,"106":1,"107":1,"108":1,"109":1,"110":1,"111":1,"112":1,"115":1,"116":1,"117":1,"119":1,"120":1,"121":1,"122":1,"123":1,"124":1,"126":1,"127":1,"128":1,"129":1,"130":1,"131":1,"132":1,"133":1,"134":1,"136":1,"137":1,"138":1,"140":1,"141":1,"142":1,"143":1,"144":1,"145":1,"146":1,"147":1,"148":1,"150":1,"151":1,"152":1,"153":1,"154":1,"155":1,"157":1,"158":1,"159":1,"160":1,"162":1,"163":1,"164":1,"165":1,"166":1,"167":1,"170":1,"171":1,"172":1,"173":1,"174":1,"175":1,"176":1,"177":1,"178":1,"179":1,"181":1,"182":1,"183":1,"184":1,"185":1,"186":1,"187":1,"194":1,"195":1,"196":1,"197":1,"198":1,"199":1},"branchMap":{"0":{"type":"branch","line":17,"loc":{"start":{"line":17,"column":25},"end":{"line":81,"column":2}},"locations":[{"start":{"line":17,"column":25},"end":{"line":81,"column":2}}]},"1":{"type":"branch","line":31,"loc":{"start":{"line":31,"column":12},"end":{"line":31,"column":41}},"locations":[{"start":{"line":31,"column":12},"end":{"line":31,"column":41}}]},"2":{"type":"branch","line":32,"loc":{"start":{"line":32,"column":12},"end":{"line":32,"column":37}},"locations":[{"start":{"line":32,"column":12},"end":{"line":32,"column":37}}]},"3":{"type":"branch","line":32,"loc":{"start":{"line":32,"column":26},"end":{"line":32,"column":54}},"locations":[{"start":{"line":32,"column":26},"end":{"line":32,"column":54}}]},"4":{"type":"branch","line":33,"loc":{"start":{"line":33,"column":26},"end":{"line":33,"column":48}},"locations":[{"start":{"line":33,"column":26},"end":{"line":33,"column":48}}]},"5":{"type":"branch","line":45,"loc":{"start":{"line":45,"column":34},"end":{"line":45,"column":57}},"locations":[{"start":{"line":45,"column":34},"end":{"line":45,"column":57}}]},"6":{"type":"branch","line":55,"loc":{"start":{"line":55,"column":31},"end":{"line":56,"column":48}},"locations":[{"start":{"line":55,"column":31},"end":{"line":56,"column":48}}]},"7":{"type":"branch","line":70,"loc":{"start":{"line":70,"column":32},"end":{"line":70,"column":55}},"locations":[{"start":{"line":70,"column":32},"end":{"line":70,"column":55}}]},"8":{"type":"branch","line":78,"loc":{"start":{"line":78,"column":7},"end":{"line":78,"column":58}},"locations":[{"start":{"line":78,"column":7},"end":{"line":78,"column":58}}]}},"b":{"0":[27],"1":[0],"2":[0],"3":[0],"4":[0],"5":[0],"6":[0],"7":[0],"8":[0]},"fnMap":{"0":{"name":"StatsCard","decl":{"start":{"line":17,"column":25},"end":{"line":81,"column":2}},"loc":{"start":{"line":17,"column":25},"end":{"line":81,"column":2}},"line":17},"1":{"name":"onMouseEnter","decl":{"start":{"line":36,"column":20},"end":{"line":36,"column":45}},"loc":{"start":{"line":36,"column":20},"end":{"line":36,"column":45}},"line":36},"2":{"name":"onMouseLeave","decl":{"start":{"line":37,"column":20},"end":{"line":37,"column":46}},"loc":{"start":{"line":37,"column":20},"end":{"line":37,"column":46}},"line":37}},"f":{"0":27,"1":0,"2":0}}
,"C:\\Users\\Art Elshani\\Documents\\GitHub\\revvue-coding-challenge\\src\\config\\constants.ts": {"path":"C:\\Users\\Art Elshani\\Documents\\GitHub\\revvue-coding-challenge\\src\\config\\constants.ts","all":false,"statementMap":{"4":{"start":{"line":5,"column":0},"end":{"line":5,"column":27}},"5":{"start":{"line":6,"column":0},"end":{"line":6,"column":53}},"6":{"start":{"line":7,"column":0},"end":{"line":7,"column":11}},"8":{"start":{"line":9,"column":0},"end":{"line":9,"column":27}},"9":{"start":{"line":10,"column":0},"end":{"line":10,"column":36}},"10":{"start":{"line":11,"column":0},"end":{"line":11,"column":59}},"11":{"start":{"line":12,"column":0},"end":{"line":12,"column":48}},"12":{"start":{"line":13,"column":0},"end":{"line":13,"column":26}},"13":{"start":{"line":14,"column":0},"end":{"line":14,"column":11}},"15":{"start":{"line":16,"column":0},"end":{"line":16,"column":26}},"16":{"start":{"line":17,"column":0},"end":{"line":17,"column":16}},"17":{"start":{"line":18,"column":0},"end":{"line":18,"column":16}},"18":{"start":{"line":19,"column":0},"end":{"line":19,"column":20}},"19":{"start":{"line":20,"column":0},"end":{"line":20,"column":11}}},"s":{"4":1,"5":1,"6":1,"8":1,"9":1,"10":1,"11":1,"12":1,"13":1,"15":1,"16":1,"17":1,"18":1,"19":1},"branchMap":{},"b":{},"fnMap":{},"f":{}}
,"C:\\Users\\Art Elshani\\Documents\\GitHub\\revvue-coding-challenge\\src\\utils\\formatters.ts": {"path":"C:\\Users\\Art Elshani\\Documents\\GitHub\\revvue-coding-challenge\\src\\utils\\formatters.ts","all":false,"statementMap":{"7":{"start":{"line":8,"column":0},"end":{"line":8,"column":59}},"8":{"start":{"line":9,"column":0},"end":{"line":9,"column":7}},"9":{"start":{"line":10,"column":0},"end":{"line":10,"column":38}},"10":{"start":{"line":11,"column":0},"end":{"line":11,"column":45}},"11":{"start":{"line":12,"column":0},"end":{"line":12,"column":22}},"12":{"start":{"line":13,"column":0},"end":{"line":13,"column":21}},"13":{"start":{"line":14,"column":0},"end":{"line":14,"column":21}},"14":{"start":{"line":15,"column":0},"end":{"line":15,"column":20}},"15":{"start":{"line":16,"column":0},"end":{"line":16,"column":11}},"16":{"start":{"line":17,"column":0},"end":{"line":17,"column":26}},"17":{"start":{"line":18,"column":0},"end":{"line":18,"column":3}},"18":{"start":{"line":19,"column":0},"end":{"line":19,"column":2}},"23":{"start":{"line":24,"column":0},"end":{"line":24,"column":57}},"24":{"start":{"line":25,"column":0},"end":{"line":25,"column":15}},"25":{"start":{"line":26,"column":0},"end":{"line":26,"column":72}},"26":{"start":{"line":27,"column":0},"end":{"line":27,"column":43}},"27":{"start":{"line":28,"column":0},"end":{"line":28,"column":2}},"32":{"start":{"line":33,"column":0},"end":{"line":33,"column":74}},"33":{"start":{"line":34,"column":0},"end":{"line":34,"column":44}},"34":{"start":{"line":35,"column":0},"end":{"line":35,"column":49}},"35":{"start":{"line":36,"column":0},"end":{"line":36,"column":2}},"40":{"start":{"line":41,"column":0},"end":{"line":41,"column":50}},"41":{"start":{"line":42,"column":0},"end":{"line":42,"column":33}},"42":{"start":{"line":43,"column":0},"end":{"line":43,"column":15}},"43":{"start":{"line":44,"column":0},"end":{"line":44,"column":34}},"44":{"start":{"line":45,"column":0},"end":{"line":45,"column":32}},"45":{"start":{"line":46,"column":0},"end":{"line":46,"column":30}},"46":{"start":{"line":47,"column":0},"end":{"line":47,"column":28}},"47":{"start":{"line":48,"column":0},"end":{"line":48,"column":55}},"48":{"start":{"line":49,"column":0},"end":{"line":49,"column":4}},"49":{"start":{"line":50,"column":0},"end":{"line":50,"column":2}}},"s":{"7":1,"8":6,"9":6,"10":6,"11":6,"12":6,"13":6,"14":6,"15":6,"16":0,"17":0,"18":6,"23":1,"24":0,"25":0,"26":0,"27":0,"32":1,"33":0,"34":0,"35":0,"40":1,"41":0,"42":0,"43":0,"44":0,"45":0,"46":0,"47":0,"48":0,"49":0},"branchMap":{"0":{"type":"branch","line":8,"loc":{"start":{"line":8,"column":26},"end":{"line":19,"column":2}},"locations":[{"start":{"line":8,"column":26},"end":{"line":19,"column":2}}]},"1":{"type":"branch","line":16,"loc":{"start":{"line":16,"column":2},"end":{"line":18,"column":3}},"locations":[{"start":{"line":16,"column":2},"end":{"line":18,"column":3}}]}},"b":{"0":[6],"1":[0]},"fnMap":{"0":{"name":"formatDate","decl":{"start":{"line":8,"column":26},"end":{"line":19,"column":2}},"loc":{"start":{"line":8,"column":26},"end":{"line":19,"column":2}},"line":8},"1":{"name":"formatRating","decl":{"start":{"line":24,"column":28},"end":{"line":28,"column":2}},"loc":{"start":{"line":24,"column":28},"end":{"line":28,"column":2}},"line":24},"2":{"name":"truncateText","decl":{"start":{"line":33,"column":28},"end":{"line":36,"column":2}},"loc":{"start":{"line":33,"column":28},"end":{"line":36,"column":2}},"line":33},"3":{"name":"debounce","decl":{"start":{"line":41,"column":24},"end":{"line":50,"column":2}},"loc":{"start":{"line":41,"column":24},"end":{"line":50,"column":2}},"line":41}},"f":{"0":6,"1":0,"2":0,"3":0}}
}
